[15:55:45] [ServerMain/INFO]: [bootstrap] Running Java 21 (OpenJDK 64-Bit Server VM 21.0.7+6-LTS; Microsoft Microsoft-11369942) on Linux 6.8.0-1030-azure (amd64)
[15:55:46] [ServerMain/INFO]: [bootstrap] Loading Paper 1.21.5-113-main@ba7fb23 (2025-06-10T23:34:22Z) for Minecraft 1.21.5
[15:55:46] [ServerMain/INFO]: [PluginInitializerManager] Initializing plugins...
[15:55:52] [ServerMain/INFO]: [PluginInitializerManager] Initialized 17 plugins
[15:55:52] [ServerMain/INFO]: [PluginInitializerManager] Paper plugins (3):
 - Economist (0.2.4), PlugManX (3.0.0), SmartSpawner (1.5.0)
[15:55:52] [ServerMain/INFO]: [PluginInitializerManager] Bukkit plugins (14):
 - CustomCrafting (4.19.0), EnchantLimitRemover (2.1), EzMobEditor (1.0-SNAPSHOT), FastItemEditor (1.1.4), MythicDungeons (1.4.1F), MythicMobs (5.9.5-f13ab4a1), NBTAPI (2.15.1), ViaBackwards (5.3.2), ViaRewind (4.0.7), ViaVersion (5.3.2), WeaponMaster (1.9.0), WolfyUtilities (4.19.0.0), WorldEdit (7.3.16+cbf4bd5), WorldGuard (7.0.13+82fdc65)
[15:56:06] [ServerMain/INFO]: Environment: Environment[sessionHost=https://sessionserver.mojang.com, servicesHost=https://api.minecraftservices.com, name=PROD]
[15:56:16] [ServerMain/INFO]: Loaded 1373 recipes
[15:56:16] [ServerMain/INFO]: Loaded 1484 advancements
[15:56:16] [Server thread/INFO]: Starting minecraft server version 1.21.5
[15:56:16] [Server thread/INFO]: Loading properties
[15:56:16] [Server thread/INFO]: This server is running Paper version 1.21.5-113-main@ba7fb23 (2025-06-10T23:34:22Z) (Implementing API version 1.21.5-R0.1-SNAPSHOT)
[15:56:16] [Server thread/INFO]: [spark] This server bundles the spark profiler. For more information please visit https://docs.papermc.io/paper/profiling
[15:56:16] [Server thread/INFO]: Server Ping Player Sample Count: 12
[15:56:16] [Server thread/INFO]: Using 4 threads for Netty based IO
[15:56:17] [Server thread/INFO]: [MoonriseCommon] Paper is using 1 worker threads, 1 I/O threads
[15:56:17] [Server thread/INFO]: [ChunkTaskScheduler] Chunk system is using population gen parallelism: true
[15:56:18] [Server thread/INFO]: Default game type: SURVIVAL
[15:56:18] [Server thread/INFO]: Generating keypair
[15:56:18] [Server thread/INFO]: Starting Minecraft server on *:25565
[15:56:18] [Server thread/INFO]: Using epoll channel type
[15:56:18] [Server thread/INFO]: Paper: Using libdeflate (Linux x86_64) compression from Velocity.
[15:56:18] [Server thread/INFO]: Paper: Using OpenSSL 3.x.x (Linux x86_64) cipher from Velocity.
[15:56:19] [Server thread/INFO]: [SpigotLibraryLoader] [MythicMobs] Loading 4 libraries... please wait
[15:56:19] [Server thread/INFO]: [SpigotLibraryLoader] [MythicMobs] Loaded library /workspaces/eaglercraft-1.21.5-server/server/libraries/net/kyori/adventure-api/4.16.0/adventure-api-4.16.0.jar
[15:56:19] [Server thread/INFO]: [SpigotLibraryLoader] [MythicMobs] Loaded library /workspaces/eaglercraft-1.21.5-server/server/libraries/net/kyori/adventure-key/4.16.0/adventure-key-4.16.0.jar
[15:56:19] [Server thread/INFO]: [SpigotLibraryLoader] [MythicMobs] Loaded library /workspaces/eaglercraft-1.21.5-server/server/libraries/net/kyori/examination-api/1.3.0/examination-api-1.3.0.jar
[15:56:19] [Server thread/INFO]: [SpigotLibraryLoader] [MythicMobs] Loaded library /workspaces/eaglercraft-1.21.5-server/server/libraries/net/kyori/examination-string/1.3.0/examination-string-1.3.0.jar
[15:56:19] [Server thread/INFO]: [SpigotLibraryLoader] [MythicMobs] Loaded library /workspaces/eaglercraft-1.21.5-server/server/libraries/org/jetbrains/annotations/24.1.0/annotations-24.1.0.jar
[15:56:19] [Server thread/INFO]: [SpigotLibraryLoader] [MythicMobs] Loaded library /workspaces/eaglercraft-1.21.5-server/server/libraries/net/kyori/adventure-platform-bukkit/4.3.2/adventure-platform-bukkit-4.3.2.jar
[15:56:19] [Server thread/INFO]: [SpigotLibraryLoader] [MythicMobs] Loaded library /workspaces/eaglercraft-1.21.5-server/server/libraries/net/kyori/adventure-platform-api/4.3.2/adventure-platform-api-4.3.2.jar
[15:56:19] [Server thread/INFO]: [SpigotLibraryLoader] [MythicMobs] Loaded library /workspaces/eaglercraft-1.21.5-server/server/libraries/net/kyori/adventure-text-serializer-bungeecord/4.3.2/adventure-text-serializer-bungeecord-4.3.2.jar
[15:56:19] [Server thread/INFO]: [SpigotLibraryLoader] [MythicMobs] Loaded library /workspaces/eaglercraft-1.21.5-server/server/libraries/net/kyori/adventure-text-serializer-legacy/4.13.1/adventure-text-serializer-legacy-4.13.1.jar
[15:56:19] [Server thread/INFO]: [SpigotLibraryLoader] [MythicMobs] Loaded library /workspaces/eaglercraft-1.21.5-server/server/libraries/net/kyori/adventure-nbt/4.13.1/adventure-nbt-4.13.1.jar
[15:56:19] [Server thread/INFO]: [SpigotLibraryLoader] [MythicMobs] Loaded library /workspaces/eaglercraft-1.21.5-server/server/libraries/net/kyori/adventure-text-serializer-gson-legacy-impl/4.13.1/adventure-text-serializer-gson-legacy-impl-4.13.1.jar
[15:56:19] [Server thread/INFO]: [SpigotLibraryLoader] [MythicMobs] Loaded library /workspaces/eaglercraft-1.21.5-server/server/libraries/net/kyori/adventure-platform-facet/4.3.2/adventure-platform-facet-4.3.2.jar
[15:56:19] [Server thread/INFO]: [SpigotLibraryLoader] [MythicMobs] Loaded library /workspaces/eaglercraft-1.21.5-server/server/libraries/net/kyori/adventure-platform-viaversion/4.3.2/adventure-platform-viaversion-4.3.2.jar
[15:56:19] [Server thread/INFO]: [SpigotLibraryLoader] [MythicMobs] Loaded library /workspaces/eaglercraft-1.21.5-server/server/libraries/net/kyori/adventure-text-minimessage/4.16.0/adventure-text-minimessage-4.16.0.jar
[15:56:19] [Server thread/INFO]: [SpigotLibraryLoader] [MythicMobs] Loaded library /workspaces/eaglercraft-1.21.5-server/server/libraries/net/kyori/adventure-text-serializer-gson/4.16.0/adventure-text-serializer-gson-4.16.0.jar
[15:56:19] [Server thread/INFO]: [SpigotLibraryLoader] [MythicMobs] Loaded library /workspaces/eaglercraft-1.21.5-server/server/libraries/net/kyori/adventure-text-serializer-json/4.16.0/adventure-text-serializer-json-4.16.0.jar
[15:56:19] [Server thread/INFO]: [SpigotLibraryLoader] [MythicMobs] Loaded library /workspaces/eaglercraft-1.21.5-server/server/libraries/net/kyori/option/1.0.0/option-1.0.0.jar
[15:56:19] [Server thread/INFO]: [SpigotLibraryLoader] [MythicMobs] Loaded library /workspaces/eaglercraft-1.21.5-server/server/libraries/com/google/code/gson/gson/2.8.0/gson-2.8.0.jar
[15:56:19] [Server thread/INFO]: [SpigotLibraryLoader] [WolfyUtilities] Loading 3 libraries... please wait
[15:56:21] [Server thread/INFO]: [SpigotLibraryLoader] [WolfyUtilities] Loaded library /workspaces/eaglercraft-1.21.5-server/server/libraries/com/google/inject/guice/5.1.0/guice-5.1.0.jar
[15:56:21] [Server thread/INFO]: [SpigotLibraryLoader] [WolfyUtilities] Loaded library /workspaces/eaglercraft-1.21.5-server/server/libraries/javax/inject/javax.inject/1/javax.inject-1.jar
[15:56:21] [Server thread/INFO]: [SpigotLibraryLoader] [WolfyUtilities] Loaded library /workspaces/eaglercraft-1.21.5-server/server/libraries/aopalliance/aopalliance/1.0/aopalliance-1.0.jar
[15:56:21] [Server thread/INFO]: [SpigotLibraryLoader] [WolfyUtilities] Loaded library /workspaces/eaglercraft-1.21.5-server/server/libraries/com/google/guava/guava/30.1-jre/guava-30.1-jre.jar
[15:56:21] [Server thread/INFO]: [SpigotLibraryLoader] [WolfyUtilities] Loaded library /workspaces/eaglercraft-1.21.5-server/server/libraries/com/google/guava/failureaccess/1.0.1/failureaccess-1.0.1.jar
[15:56:21] [Server thread/INFO]: [SpigotLibraryLoader] [WolfyUtilities] Loaded library /workspaces/eaglercraft-1.21.5-server/server/libraries/com/google/guava/listenablefuture/9999.0-empty-to-avoid-conflict-with-guava/listenablefuture-9999.0-empty-to-avoid-conflict-with-guava.jar
[15:56:21] [Server thread/INFO]: [SpigotLibraryLoader] [WolfyUtilities] Loaded library /workspaces/eaglercraft-1.21.5-server/server/libraries/com/google/code/findbugs/jsr305/3.0.2/jsr305-3.0.2.jar
[15:56:21] [Server thread/INFO]: [SpigotLibraryLoader] [WolfyUtilities] Loaded library /workspaces/eaglercraft-1.21.5-server/server/libraries/org/checkerframework/checker-qual/3.5.0/checker-qual-3.5.0.jar
[15:56:21] [Server thread/INFO]: [SpigotLibraryLoader] [WolfyUtilities] Loaded library /workspaces/eaglercraft-1.21.5-server/server/libraries/com/google/errorprone/error_prone_annotations/2.3.4/error_prone_annotations-2.3.4.jar
[15:56:21] [Server thread/INFO]: [SpigotLibraryLoader] [WolfyUtilities] Loaded library /workspaces/eaglercraft-1.21.5-server/server/libraries/com/google/j2objc/j2objc-annotations/1.3/j2objc-annotations-1.3.jar
[15:56:21] [Server thread/INFO]: [SpigotLibraryLoader] [WolfyUtilities] Loaded library /workspaces/eaglercraft-1.21.5-server/server/libraries/org/apache/commons/commons-lang3/3.12.0/commons-lang3-3.12.0.jar
[15:56:21] [Server thread/INFO]: [SpigotLibraryLoader] [WolfyUtilities] Loaded library /workspaces/eaglercraft-1.21.5-server/server/libraries/it/unimi/dsi/fastutil/8.5.6/fastutil-8.5.6.jar
[15:56:24] [Server thread/INFO]: [me.wolfyscript.lib.org.reflections.Reflections] Reflections took 955 ms to scan 1 urls, producing 916 keys and 3327 values
[15:56:24] [Server thread/INFO]: [WolfyUtilities] Register Default StackIdentifiers
[15:56:26] [Server thread/INFO]: [WorldEdit] Loading server plugin WorldEdit v7.3.16+cbf4bd5
[15:56:27] [Server thread/INFO]: Got request to register class com.sk89q.worldedit.bukkit.BukkitServerInterface with WorldEdit [com.sk89q.worldedit.extension.platform.PlatformManager@4d7e29b7]
[15:56:27] [Server thread/INFO]: [WorldGuard] Loading server plugin WorldGuard v7.0.13+82fdc65
[15:56:27] [Server thread/INFO]: [ViaVersion] Loading server plugin ViaVersion v5.3.2
[15:56:27] [Server thread/INFO]: [ViaVersion] ViaVersion 5.3.2 is now loaded. Registering protocol transformers and injecting...
[15:56:28] [Via-Mappingloader-0/INFO]: [ViaVersion] Loading block connection mappings ...
[15:56:28] [Via-Mappingloader-0/INFO]: [ViaVersion] Using FastUtil Long2ObjectOpenHashMap for block connections
[15:56:29] [Server thread/INFO]: [ViaBackwards] Loading translations...
[15:56:29] [Server thread/INFO]: [ViaBackwards] Registering protocols...
[15:56:30] [Server thread/INFO]: [ViaRewind] Registering protocols...
[15:56:31] [Server thread/INFO]: [MythicMobs] Loading server plugin MythicMobs v5.9.5-f13ab4a1
[15:56:31] [Server thread/INFO]: [LumineUtils] (io.lumine.mythic.bukkit.utils.) is bound to plugin MythicMobs - io.lumine.mythic.bukkit.MythicBukkit
[15:56:31] [Server thread/INFO]: [MythicMobs] §x§f§f§0§0§0§0M§x§f§f§6§6§0§0y§x§f§f§c§c§0§0t§x§c§b§f§f§0§0h§x§6§5§f§f§0§0i§x§0§0§f§f§0§0c§x§0§0§f§f§6§6 §x§0§0§f§f§c§bE§x§0§0§c§b§f§fn§x§0§0§6§5§f§fa§x§0§0§0§0§f§fb§x§6§6§0§0§f§fl§x§c§c§0§0§f§fe§x§f§f§0§0§c§cd§x§f§f§0§0§6§6!
[15:56:31] [Server thread/INFO]: [NBTAPI] Loading server plugin NBTAPI v2.15.1
[15:56:31] [Server thread/INFO]: [NBTAPI] [NBTAPI] Found Minecraft: 1.21.5! Trying to find NMS support
[15:56:31] [Server thread/INFO]: [NBTAPI] [NBTAPI] NMS support 'MC1_21_R4' loaded!
[15:56:31] [Server thread/INFO]: [NBTAPI] [NBTAPI] Using the plugin 'NBTAPI' to create a bStats instance!
[15:56:31] [Server thread/INFO]: [ViaBackwards] Loading server plugin ViaBackwards v5.3.2
[15:56:31] [Server thread/INFO]: [WolfyUtilities] Loading server plugin WolfyUtilities v4.19.0.0
[15:56:31] [Server thread/INFO]: [WolfyUtilities] Register JSON de-/serializers
[15:56:31] [Server thread/INFO]: [WolfyUtilities] Register JSON Operators
[15:56:31] [Server thread/INFO]: [WolfyUtilities] Register JSON Value Providers
[15:56:31] [Server thread/INFO]: [WolfyUtilities] Register CustomItem NBT Checks
[15:56:31] [Server thread/INFO]: [WolfyUtilities] Register CustomItem Actions
[15:56:31] [Server thread/INFO]: [WolfyUtilities] Register CustomItem Events
[15:56:31] [Server thread/INFO]: [WolfyUtilities] Register Particle Animators
[15:56:31] [Server thread/INFO]: [WolfyUtilities] Register Particle Shapes
[15:56:31] [Server thread/INFO]: [WolfyUtilities] Register Particle Timers
[15:56:31] [Server thread/INFO]: [WolfyUtilities] Register Custom Block Data
[15:56:31] [Server thread/INFO]: [WolfyUtilities] Register Custom Player Data
[15:56:31] [Server thread/INFO]: [WolfyUtilities] Register NBT Query Nodes
[15:56:31] [Server thread/INFO]: [ViaRewind] Loading server plugin ViaRewind v4.0.7
[15:56:31] [Server thread/INFO]: [WeaponMaster] Loading server plugin WeaponMaster v1.9.0
[15:56:31] [Server thread/INFO]: [FastItemEditor] Loading server plugin FastItemEditor v1.1.4
[15:56:31] [Server thread/INFO]: [CustomCrafting] Loading server plugin CustomCrafting v4.19.0
[15:56:31] [Server thread/INFO]: [CustomCrafting] WolfyUtils API: v4.19.0.0
[15:56:31] [Server thread/INFO]: [CustomCrafting] CustomCrafting: v4.19.0
[15:56:31] [Server thread/INFO]: [CustomCrafting] Environment   : PROD
[15:56:31] [Server thread/INFO]: [CustomCrafting] Registering CustomItem Data
[15:56:31] [Server thread/INFO]: [CustomCrafting] Registering Custom Block Data
[15:56:31] [Server thread/INFO]: [CustomCrafting] Registering Player Data
[15:56:31] [Server thread/INFO]: [CustomCrafting] Registering Result Extensions
[15:56:31] [Server thread/INFO]: [CustomCrafting] Registering Result Merge Adapters
[15:56:31] [Server thread/INFO]: [CustomCrafting] Registering Recipe Conditions
[15:56:31] [Thread-7/WARN]: [NBTAPI] [NBTAPI] The NBT-API in 'NBTAPI' seems to be outdated!
[15:56:31] [Thread-7/WARN]: [NBTAPI] [NBTAPI] Current Version: '2.15.1' Newest Version: 2.15.2'
[15:56:31] [Thread-7/WARN]: [NBTAPI] [NBTAPI] Please update the NBTAPI or the plugin that contains the api(nag the mod author when the newest release has an old version, not the NBTAPI dev)!
[15:56:31] [Server thread/INFO]: [CustomCrafting] Registering Recipe Types
[15:56:31] [Server thread/INFO]: [CustomCrafting] Registering Anvil Recipe Tasks
[15:56:31] [Server thread/INFO]: [CustomCrafting] Registering Type Registries
[15:56:31] [Server thread/INFO]: [SmartSpawner] Loading server plugin SmartSpawner v1.5.0
[15:56:31] [Server thread/INFO]: [EzMobEditor] Loading server plugin EzMobEditor v1.0-SNAPSHOT
[15:56:31] [Server thread/INFO]: [PlugManX] Loading server plugin PlugManX v3.0.0
[15:56:31] [Server thread/INFO]: [EnchantLimitRemover] Loading server plugin EnchantLimitRemover v2.1
[15:56:31] [Server thread/INFO]: [Economist] Loading server plugin Economist v0.2.4
[15:56:31] [Server thread/INFO]: [MythicDungeons] Loading server plugin MythicDungeons v1.4.1F
[15:56:31] [Server thread/INFO]: Server permissions file permissions.yml is empty, ignoring it
[15:56:31] [Server thread/INFO]: [WorldEdit] Enabling WorldEdit v7.3.16+cbf4bd5
[15:56:31] [Server thread/INFO]: Registering commands with com.sk89q.worldedit.bukkit.BukkitServerInterface
[15:56:31] [Server thread/INFO]: WEPIF: Using the Bukkit Permissions API.
[15:56:32] [Thread-8/INFO]: [Economist] You are running the latest version of Economist
[15:56:32] [Server thread/INFO]: Using com.sk89q.worldedit.bukkit.adapter.impl.v1_21_5.PaperweightAdapter as the Bukkit adapter
[15:56:37] [Server thread/INFO]: [WolfyUtilities] Enabling WolfyUtilities v4.19.0.0
[15:56:37] [Server thread/INFO]: [WolfyUtilities] Minecraft version: 1.21.5
[15:56:37] [Server thread/INFO]: [WolfyUtilities] WolfyUtils version: 4.19.0.0
[15:56:37] [Server thread/INFO]: [WolfyUtilities] Environment: PROD
[15:56:37] [Server thread/INFO]: [WolfyUtilities] Loading Plugin integrations: 
[15:56:37] [Server thread/INFO]: [WolfyUtilities]  - MythicMobs
[15:56:37] [Server thread/INFO]: [WolfyUtilities] Create & Init Plugin integrations: 
[15:56:37] [Server thread/INFO]: [WolfyUtilities] Register API references
[15:56:37] [Server thread/INFO]: [WolfyUtilities] Loading Creative Mode Tabs
[15:56:37] [Server thread/INFO]: [ViaRewind] Enabling ViaRewind v4.0.7
[15:56:37] [Server thread/INFO]: [PlugManX] Enabling PlugManX v3.0.0
[15:56:38] [Server thread/WARN]: [PlugManX] ~~~~~~~~~~~~~~~~~~~~~~~~~~~~~~~~~~~~~~~~~~~~~~~~~~~~~~~~~~~~~~~~~~~~~~
[15:56:38] [Server thread/WARN]: [PlugManX] It seems like you're running on paper.
[15:56:38] [Server thread/WARN]: [PlugManX] PlugManX cannot interact with paper-plugins, yet.
[15:56:38] [Server thread/WARN]: [PlugManX] Also, if you encounter any issues, please join my discord: https://discord.gg/GxEFhVY6ff
[15:56:38] [Server thread/WARN]: [PlugManX] Or create an issue on GitHub: https://github.com/Test-Account666/PlugMan
[15:56:38] [Server thread/WARN]: [PlugManX] ~~~~~~~~~~~~~~~~~~~~~~~~~~~~~~~~~~~~~~~~~~~~~~~~~~~~~~~~~~~~~~~~~~~~~~
[15:56:38] [Server thread/INFO]: [PlugManX] You can disable this warning by setting 'showPaperWarning' to false in the config.yml
[15:56:38] [Server thread/WARN]: **** SERVER IS RUNNING IN OFFLINE/INSECURE MODE!
[15:56:38] [Server thread/WARN]: The server will make no attempt to authenticate usernames. Beware.
[15:56:38] [Server thread/WARN]: While this makes the game possible to play without internet access, it also opens up the ability for hackers to connect with any username they choose.
[15:56:38] [Server thread/WARN]: To change this, set "online-mode" to "true" in the server.properties file.
[15:56:38] [Server thread/INFO]: Preparing level "world"
[15:56:40] [Server thread/INFO]: Preparing start region for dimension minecraft:overworld
[15:56:40] [Server thread/INFO]: Preparing spawn area: 0%
[15:56:40] [Server thread/INFO]: Preparing spawn area: 0%
[15:56:42] [Server thread/INFO]: Preparing spawn area: 0%
[15:56:42] [Server thread/INFO]: Preparing spawn area: 0%
[15:56:42] [Server thread/INFO]: Preparing spawn area: 0%
[15:56:42] [Server thread/INFO]: Time elapsed: 2452 ms
[15:56:42] [Server thread/INFO]: Preparing start region for dimension minecraft:the_nether
[15:56:42] [Server thread/INFO]: Preparing spawn area: 0%
[15:56:43] [Server thread/INFO]: Preparing spawn area: 10%
[15:56:43] [Server thread/INFO]: Time elapsed: 696 ms
[15:56:43] [Server thread/INFO]: Preparing start region for dimension minecraft:the_end
[15:56:43] [Server thread/INFO]: Preparing spawn area: 0%
[15:56:43] [Server thread/INFO]: Preparing spawn area: 20%
[15:56:43] [Server thread/INFO]: Time elapsed: 659 ms
[15:56:43] [Server thread/INFO]: [WorldGuard] Enabling WorldGuard v7.0.13+82fdc65
[15:56:44] [Server thread/INFO]: [WorldGuard] (world) TNT ignition is PERMITTED.
[15:56:44] [Server thread/INFO]: [WorldGuard] (world) Lighters are PERMITTED.
[15:56:44] [Server thread/INFO]: [WorldGuard] (world) Lava fire is PERMITTED.
[15:56:44] [Server thread/INFO]: [WorldGuard] (world) Fire spread is UNRESTRICTED.
[15:56:44] [Server thread/INFO]: [WorldGuard] Loaded configuration for world 'world'
[15:56:44] [Server thread/INFO]: [WorldGuard] (world_nether) TNT ignition is PERMITTED.
[15:56:44] [Server thread/INFO]: [WorldGuard] (world_nether) Lighters are PERMITTED.
[15:56:44] [Server thread/INFO]: [WorldGuard] (world_nether) Lava fire is PERMITTED.
[15:56:44] [Server thread/INFO]: [WorldGuard] (world_nether) Fire spread is UNRESTRICTED.
[15:56:44] [Server thread/INFO]: [WorldGuard] Loaded configuration for world 'world_nether'
[15:56:44] [Server thread/INFO]: [WorldGuard] (world_the_end) TNT ignition is PERMITTED.
[15:56:44] [Server thread/INFO]: [WorldGuard] (world_the_end) Lighters are PERMITTED.
[15:56:44] [Server thread/INFO]: [WorldGuard] (world_the_end) Lava fire is PERMITTED.
[15:56:44] [Server thread/INFO]: [WorldGuard] (world_the_end) Fire spread is UNRESTRICTED.
[15:56:44] [Server thread/INFO]: [WorldGuard] Loaded configuration for world 'world_the_end'
[15:56:44] [Server thread/INFO]: [WorldGuard] Loading region data...
[15:56:45] [Server thread/INFO]: [ViaVersion] Enabling ViaVersion v5.3.2
[15:56:45] [Server thread/INFO]: [ViaVersion] ViaVersion detected server version: 1.21.5 (770)
[15:56:45] [Server thread/INFO]: [MythicMobs] Enabling MythicMobs v5.9.5-f13ab4a1
[15:56:46] [Server thread/INFO]: [MythicMobs] Loading MythicMobs for Paper (MC: 1.21.5)...
[15:56:46] [Server thread/INFO]: [MythicMobs] The server is running Paper; enabled Paper exclusive functionality
[15:56:49] [Server thread/INFO]: [MythicMobs] Mythic WorldGuard Support has been enabled!
[15:56:52] [Server thread/INFO]: [MythicMobs] Loading Packs...
[15:56:53] [Server thread/INFO]: [MythicMobs] Loading Items...
[15:56:53] [Server thread/INFO]: [MythicMobs] Loading Item Groups...
[15:56:53] [Server thread/INFO]: [MythicMobs] Loading Skills...
[15:56:53] [Server thread/INFO]: [MythicMobs] Loading Drop Tables...
[15:56:53] [Server thread/INFO]: [MythicMobs] Loading Random Spawns...
[15:56:54] [Server thread/INFO]: [MythicMobs] Loading Spawn Blocks...
[15:56:54] [Server thread/INFO]: [MythicMobs] ✓ Loaded 8 mobs.
[15:56:54] [Server thread/INFO]: [MythicMobs] ✓ Loaded 3 vanilla mob overrides.
[15:56:54] [Server thread/INFO]: [MythicMobs] ✓ Loaded 0 mob stacks.
[15:56:54] [Server thread/INFO]: [MythicMobs] ✓ Loaded 3 skills.
[15:56:54] [Server thread/INFO]: [MythicMobs] ✓ Loaded 0 random spawns.
[15:56:54] [Server thread/INFO]: [MythicMobs] ✓ Loaded 3 mythic items.
[15:56:54] [Server thread/INFO]: [MythicMobs] ✓ Loaded 2 drop tables.
[15:56:54] [Server thread/INFO]: [MythicMobs] ✓ Loaded 0 mob spawners.
[15:56:54] [Server thread/INFO]: [MythicMobs] MythicMobs configuration file loaded successfully.
[15:56:54] [Server thread/INFO]: [MythicMobs] Started up bStats Metrics
[15:56:54] [Server thread/INFO]: [MythicMobs] ✓ MythicMobs v5.9.5 ( build f13ab4a1 ) has been successfully loaded!
[15:56:54] [Server thread/INFO]: [WolfyUtilities] Enabled plugin integration for MythicMobs
[15:56:54] [Server thread/INFO]: [NBTAPI] Enabling NBTAPI v2.15.1
[15:56:54] [Server thread/INFO]: [NBTAPI] Checking bindings...
[15:56:54] [Server thread/INFO]: [NBTAPI] All Classes were able to link!
[15:56:54] [Server thread/INFO]: [NBTAPI] All Methods were able to link!
[15:56:54] [Server thread/INFO]: [NBTAPI] Running NBT reflection test...
[15:56:59] [Server thread/INFO]: [NBTAPI] Success! This version of NBT-API is compatible with your server.
[15:56:59] [Server thread/INFO]: [ViaBackwards] Enabling ViaBackwards v5.3.2
[15:56:59] [Server thread/INFO]: [WeaponMaster] Enabling WeaponMaster v1.9.0
[15:56:59] [Server thread/INFO]: [WeaponMaster] --------------------
[15:56:59] [Server thread/INFO]: [WeaponMaster] #######################################################################################################################
[15:56:59] [Server thread/INFO]: [WeaponMaster] # ▄▄▄▄▄▄▄▄▄▄▄  ▄▄▄▄▄▄▄▄▄▄▄  ▄▄▄▄▄▄▄▄▄▄▄  ▄▄▄▄▄▄▄▄▄▄▄  ▄▄▄▄▄▄▄▄▄▄▄  ▄▄▄▄▄▄▄▄▄▄▄  ▄▄▄▄▄▄▄▄▄▄▄  ▄▄▄▄▄▄▄▄▄▄▄  ▄▄▄▄▄▄▄▄▄▄▄ #
[15:56:59] [Server thread/INFO]: [WeaponMaster] #▐░░░░░░░░░░░▌▐░░░░░░░░░░░▌▐░░░░░░░░░░░▌▐░░░░░░░░░░░▌▐░░░░░░░░░░░▌▐░░░░░░░░░░░▌▐░░░░░░░░░░░▌▐░░░░░░░░░░░▌▐░░░░░░░░░░░▌#
[15:56:59] [Server thread/INFO]: [WeaponMaster] #▐░█▀▀▀▀▀▀▀▀▀ ▐░█▀▀▀▀▀▀▀█░▌▐░█▀▀▀▀▀▀▀▀▀ ▐░█▀▀▀▀▀▀▀█░▌ ▀▀▀▀█░█▀▀▀▀ ▐░█▀▀▀▀▀▀▀▀▀ ▐░█▀▀▀▀▀▀▀█░▌ ▀▀▀▀█░█▀▀▀▀ ▐░█▀▀▀▀▀▀▀▀▀ #
[15:56:59] [Server thread/INFO]: [WeaponMaster] #▐░▌          ▐░▌       ▐░▌▐░▌          ▐░▌       ▐░▌     ▐░▌     ▐░▌          ▐░▌       ▐░▌     ▐░▌     ▐░▌          #
[15:56:59] [Server thread/INFO]: [WeaponMaster] #▐░▌ ▄▄▄▄▄▄▄▄ ▐░█▄▄▄▄▄▄▄█░▌▐░█▄▄▄▄▄▄▄▄▄ ▐░█▄▄▄▄▄▄▄█░▌     ▐░▌     ▐░█▄▄▄▄▄▄▄▄▄ ▐░█▄▄▄▄▄▄▄█░▌     ▐░▌     ▐░▌          #
[15:56:59] [Server thread/INFO]: [WeaponMaster] #▐░▌▐░░░░░░░░▌▐░░░░░░░░░░░▌▐░░░░░░░░░░░▌▐░░░░░░░░░░░▌     ▐░▌     ▐░░░░░░░░░░░▌▐░░░░░░░░░░░▌     ▐░▌     ▐░▌          #
[15:56:59] [Server thread/INFO]: [WeaponMaster] #▐░▌ ▀▀▀▀▀▀█░▌▐░█▀▀▀▀█░█▀▀ ▐░█▀▀▀▀▀▀▀▀▀ ▐░█▀▀▀▀▀▀▀█░▌     ▐░▌     ▐░█▀▀▀▀▀▀▀▀▀ ▐░█▀▀▀▀█░█▀▀      ▐░▌     ▐░▌          #
[15:56:59] [Server thread/INFO]: [WeaponMaster] #▐░▌       ▐░▌▐░▌     ▐░▌  ▐░▌          ▐░▌       ▐░▌     ▐░▌     ▐░▌          ▐░▌     ▐░▌       ▐░▌     ▐░▌          #
[15:56:59] [Server thread/INFO]: [WeaponMaster] #▐░█▄▄▄▄▄▄▄█░▌▐░▌      ▐░▌ ▐░█▄▄▄▄▄▄▄▄▄ ▐░▌       ▐░▌     ▐░▌     ▐░█▄▄▄▄▄▄▄▄▄ ▐░▌      ▐░▌  ▄▄▄▄█░█▄▄▄▄ ▐░█▄▄▄▄▄▄▄▄▄ #
[15:56:59] [Server thread/INFO]: [WeaponMaster] #▐░░░░░░░░░░░▌▐░▌       ▐░▌▐░░░░░░░░░░░▌▐░▌       ▐░▌     ▐░▌     ▐░░░░░░░░░░░▌▐░▌       ▐░▌▐░░░░░░░░░░░▌▐░░░░░░░░░░░▌#
[15:56:59] [Server thread/INFO]: [WeaponMaster] # ▀▀▀▀▀▀▀▀▀▀▀  ▀         ▀  ▀▀▀▀▀▀▀▀▀▀▀  ▀         ▀       ▀       ▀▀▀▀▀▀▀▀▀▀▀  ▀         ▀  ▀▀▀▀▀▀▀▀▀▀▀  ▀▀▀▀▀▀▀▀▀▀▀ #
[15:56:59] [Server thread/INFO]: [WeaponMaster] #######################################################################################################################
[15:56:59] [Server thread/INFO]: [WeaponMaster] 
[15:56:59] [Server thread/INFO]: [WeaponMaster] WeaponMaster
[15:56:59] [Server thread/INFO]: [WeaponMaster] 
[15:56:59] [Server thread/INFO]: [WeaponMaster] Copyright (C) greateric 2021-present. Licensed under GPL v3.
[15:56:59] [Server thread/INFO]: [WeaponMaster] Initializing WeaponMaster by greateric
[15:56:59] [Server thread/INFO]: [WeaponMaster] --------------------
[15:57:01] [Server thread/INFO]: [WeaponMaster] Finished setting up! [1879 ms]
[15:57:01] [Server thread/INFO]: [FastItemEditor] Enabling FastItemEditor v1.1.4
[15:57:01] [Server thread/INFO]: [CustomCrafting] Enabling CustomCrafting v4.19.0
[15:57:01] [Server thread/INFO]: [CustomCrafting] Loaded fallback language "en_US" v6.1.0 translated by WolfyScript
[15:57:01] [Server thread/INFO]: [CustomCrafting] Loaded active language "en_US" v6.1.0 translated by WolfyScript
[15:57:02] [Server thread/INFO]: [CustomCrafting] ____ _  _ ____ ___ ____ _  _ ____ ____ ____ ____ ___ _ _  _ ____ 
[15:57:02] [Server thread/INFO]: [CustomCrafting] |    |  | [__   |  |  | |\/| |    |__/ |__| |___  |  | |\ | | __ 
[15:57:02] [Server thread/INFO]: [CustomCrafting] |___ |__| ___]  |  |__| |  | |___ |  \ |  | |     |  | | \| |__]
[15:57:02] [Server thread/INFO]: [CustomCrafting]     Version      | v4.19.0
[15:57:02] [Server thread/INFO]: [CustomCrafting]     WolfyUtils   | v4.19.0.0
[15:57:02] [Server thread/INFO]: [CustomCrafting]     Bukkit       | 1.21.5-113-ba7fb23 (MC: 1.21.5)(API: 1.21.5-R0.1-SNAPSHOT)
[15:57:02] [Server thread/INFO]: Environment: Environment[sessionHost=https://sessionserver.mojang.com, servicesHost=https://api.minecraftservices.com, name=PROD]
[15:57:02] [Server thread/INFO]: [CustomCrafting] 
[15:57:02] [Server thread/INFO]: [CustomCrafting] Special thanks to my Patrons for supporting this project: 
[15:57:02] [Server thread/INFO]: [CustomCrafting] Omarlatif, Nat R, Obsidian_Sword, LiveJunye, Mithran, Teddy
[15:57:02] [Server thread/INFO]: [CustomCrafting] Invictus_Vulpes , Luuk Musch, fioxu, JorshStark, Perny Dev, Charlie
[15:57:02] [Server thread/INFO]: [CustomCrafting] iachen, whja t, Green Masks, lance fector, Jack Snellings, MineHouse Server
[15:57:02] [Server thread/INFO]: [CustomCrafting] ------------------------------------------------------------------------
[15:57:02] [Server thread/INFO]: [CustomCrafting] Data destination: LOCAL
[15:57:02] [Server thread/INFO]: [CustomCrafting] Initiating Inventory GUIs
[15:57:02] [Server thread/INFO]: [CustomCrafting] Register ItemCreator Tabs
[15:57:03] [Server thread/INFO]: [CustomCrafting] Loading Recipes & Items
[15:57:03] [Server thread/INFO]: [CustomCrafting] - - - - [Local Storage] - - - -
[15:57:03] [Server thread/INFO]: [CustomCrafting] [LOCAL] Using 2 threads
[15:57:03] [Server thread/INFO]: [CustomCrafting] [LOCAL] Looking through data folder...
[15:57:03] [Server thread/INFO]: [CustomCrafting] [LOCAL] Loading Items
[15:57:04] [Server thread/INFO]: [CustomCrafting] [LOCAL] Loading Recipes
[15:57:04] [Server thread/INFO]: [CustomCrafting] [LOCAL] Loaded 21 recipes in 438ms
[15:57:04] [Server thread/INFO]: [CustomCrafting] Indexing Recipe Book...
[15:57:04] [Server thread/INFO]: [CustomCrafting] Indexed Recipe Book!
[15:57:04] [Server thread/INFO]: [CustomCrafting] ------------------------------------------------------------------------
[15:57:04] [Server thread/INFO]: [SmartSpawner] Enabling SmartSpawner v1.5.0
[15:57:04] [Server thread/INFO]: [SmartSpawner] WorldGuard integration enabled successfully!
[15:57:04] [Server thread/INFO]: [SmartSpawner] MythicMobs integration enabled successfully!
[15:57:04] [Server thread/WARN]: [SmartSpawner] Vault not found! Selling items from spawner will be disabled.
[15:57:04] [Server thread/INFO]: [SmartSpawner] No compatible shop plugins found. Shop integration is disabled.
[15:57:04] [Server thread/INFO]: [SmartSpawner] Running on standard Paper server.
[15:57:04] [Server thread/INFO]: [SmartSpawner] Loaded GUI layout: default
[15:57:05] [Server thread/INFO]: [SmartSpawner] Initial spawner load complete. Loaded: 0, Pending (missing worlds): 0
[15:57:05] [Server thread/INFO]: [SmartSpawner] SmartSpawner has been enabled! (Loaded in 371ms)
[15:57:05] [Server thread/INFO]: [EzMobEditor] Enabling EzMobEditor v1.0-SNAPSHOT
[15:57:05] [Server thread/INFO]: [EnchantLimitRemover] Enabling EnchantLimitRemover v2.1
[15:57:05] [Server thread/INFO]: [EnchantLimitRemover] Configuration reloaded successfully!
[15:57:05] [Server thread/INFO]: [EnchantLimitRemover] ==================================================
[15:57:05] [Server thread/INFO]: [EnchantLimitRemover] EnchantmentLimitRemover v2.1 has been enabled!
[15:57:05] [Server thread/INFO]: [EnchantLimitRemover] Author: [YourName]
[15:57:05] [Server thread/INFO]: [EnchantLimitRemover] Max enchant level: 10
[15:57:05] [Server thread/INFO]: [EnchantLimitRemover] Permission levels enabled: true
[15:57:05] [Server thread/INFO]: [EnchantLimitRemover] Debug mode: false
[15:57:05] [Server thread/INFO]: [EnchantLimitRemover] ==================================================
[15:57:05] [Server thread/INFO]: [EnchantLimitRemover] Update checker is enabled. Checking for updates...
[15:57:05] [Server thread/INFO]: [Economist] Enabling Economist v0.2.4
[15:57:05] [Server thread/INFO]: [MythicDungeons] Enabling MythicDungeons v1.4.1F
[15:57:05] [Server thread/INFO]: [MythicDungeons] §cERROR :: ProtocolLib is not installed! Mythic Dungeons requires ProtocolLib 5.0.0+ to run as of version 1.1.1!
[15:57:05] [Server thread/INFO]: [MythicDungeons] Disabling MythicDungeons v1.4.1F
[15:57:05] [Server thread/INFO]: [MythicDungeons] §dCleaning up dungeons...
[15:57:05] [Server thread/INFO]: [spark] Starting background profiler...
[15:57:07] [Server thread/INFO]: Done preparing level "world" (28.850s)
[15:57:07] [Server thread/INFO]: Running delayed init tasks
[15:57:07] [Craft Scheduler Thread - 5 - ViaVersion/INFO]: [ViaVersion] Finished mapping loading, shutting down loader executor.
[15:57:07] [Craft Scheduler Thread - 5 - FastItemEditor/INFO]: [FastItemEditor] No update available.
[15:57:07] [User Authenticator #0/INFO]: UUID of player syncronized is 4fa24d66-b50b-3b99-9637-41e1e51e18ff
[15:57:08] [Server thread/WARN]: [ViaVersion] There is a newer plugin version available: 5.4.2, you're on: 5.3.2
[15:57:08] [Server thread/INFO]: Done (84.557s)! For help, type "help"
[15:57:10] [Netty Epoll Server IO #1/WARN]: [ViaVersion] (1.17->1.16.4) Increased world height is NOT SUPPORTED for 1.16 players and below. They will see a void below y 0 and above 256. You can enable the `bedrock-at-y-0` config option to replace the air with a bedrock layer.
[15:57:10] [Server thread/INFO]: syncronized joined the game
[15:57:10] [Server thread/INFO]: syncronized[/127.0.0.1:51236] logged in with entity id 23 at ([world]-80.45472519347791, 158.110294838223, -335.26665793608606)
[15:57:11] [Netty Epoll Server IO #1/WARN]: [ViaVersion] (1.13->1.12.2) Ignoring plugin channel in serverbound REGISTER: EAG|Voice-1.8
[15:57:11] [Netty Epoll Server IO #1/WARN]: [ViaVersion] (1.13->1.12.2) Ignoring plugin channel in serverbound REGISTER: EAG|1.8-Ready
[15:57:11] [Netty Epoll Server IO #1/WARN]: [ViaVersion] (1.13->1.12.2) Ignoring plugin channel in serverbound REGISTER: EAG|1.8-Voice-RPC
[15:57:11] [Netty Epoll Server IO #1/WARN]: [ViaVersion] (1.13->1.12.2) Ignoring plugin channel in serverbound REGISTER: EAG|1.8-RPC
[15:57:11] [Netty Epoll Server IO #1/WARN]: [ViaVersion] (1.13->1.12.2) Ignoring plugin channel in serverbound REGISTER: EAG|1.8
[15:57:11] [Netty Epoll Server IO #1/WARN]: [ViaVersion] (1.13->1.12.2) Ignoring plugin channel in serverbound REGISTER: EAG|Skins-1.8
[15:57:11] [Netty Epoll Server IO #1/WARN]: [ViaVersion] (1.13->1.12.2) Ignoring plugin channel in serverbound REGISTER: EAG|UpdateCert-1.8
[15:57:11] [Netty Epoll Server IO #1/WARN]: [ViaVersion] (1.13->1.12.2) Ignoring plugin channel in serverbound REGISTER: EAG|FNAWSEn-1.8
[15:57:11] [Netty Epoll Server IO #1/WARN]: [ViaVersion] (1.13->1.12.2) Ignoring plugin channel in serverbound REGISTER: EAG|Capes-1.8
[15:57:13] [Server thread/WARN]: Can't keep up! Is the server overloaded? Running 2506ms or 50 ticks behind
[15:57:26] [Server thread/INFO]: syncronized issued server command: /help
[15:57:33] [Server thread/INFO]: syncronized issued server command: /help 2
[15:57:39] [Server thread/INFO]: syncronized issued server command: /help worldguard
[15:57:46] [Server thread/INFO]: syncronized issued server command: /region
[15:58:39] [Server thread/INFO]: syncronized issued server command: //copy
[15:58:49] [Server thread/INFO]: syncronized issued server command: //paste
[15:58:57] [Server thread/INFO]: syncronized issued server command: //paste
[15:59:02] [Server thread/INFO]: syncronized issued server command: //paste
[15:59:07] [Server thread/INFO]: syncronized issued server command: //paste
[15:59:13] [Server thread/INFO]: syncronized issued server command: //paste
[15:59:18] [Server thread/INFO]: syncronized issued server command: //paste
[15:59:24] [Server thread/INFO]: syncronized issued server command: //paste
[16:01:14] [Server thread/INFO]: syncronized issued server command: //replace grass_block
[16:01:17] [Server thread/INFO]: syncronized issued server command: //undo
[16:02:17] [Server thread/INFO]: syncronized issued server command: //replace grass_block green_wool,green_concrete_powder,green_terracotta
[16:02:26] [Server thread/INFO]: syncronized issued server command: //undo
[16:04:58] [Server thread/INFO]: syncronized issued server command: //replace grass_block green_concrete,green_concrete,lime_terracotta
[16:05:30] [Server thread/INFO]: syncronized issued server command: //undo
[16:05:41] [Server thread/INFO]: syncronized issued server command: //replace grass_block green_concrete,green_terracotta,lime_terracotta
[16:06:48] [Server thread/INFO]: syncronized issued server command: //copy
[16:06:54] [Server thread/INFO]: syncronized issued server command: //schem save spawn -f
[16:06:55] [WorldEdit Task Executor - 0/INFO]: syncronized saved /workspaces/eaglercraft-1.21.5-server/server/plugins/WorldEdit/schematics/spawn.schem (overwriting previous file)
[16:07:02] [Server thread/INFO]: syncronized issued server command: //set air
[16:07:11] [spark-async-sampler-worker-thread/WARN]: [spark] Timed out waiting for world statistics
[16:07:15] [Server thread/WARN]: Can't keep up! Is the server overloaded? Running 13029ms or 260 ticks behind
[16:07:15] [Server thread/WARN]: syncronized moved too quickly! -103.56294300067219,3.5645408750821446,86.74528928420966
[16:07:22] [Server thread/INFO]: syncronized issued server command: //undo
[16:07:37] [Server thread/WARN]: Can't keep up! Is the server overloaded? Running 7264ms or 145 ticks behind
[16:08:27] [Server thread/INFO]: syncronized issued server command: //copy
[16:08:33] [Server thread/INFO]: syncronized issued server command: //schem save spawn -f
[16:08:34] [WorldEdit Task Executor - 1/INFO]: syncronized saved /workspaces/eaglercraft-1.21.5-server/server/plugins/WorldEdit/schematics/spawn.schem (overwriting previous file)
[16:08:36] [Server thread/INFO]: syncronized issued server command: //set air
[16:08:48] [Server thread/WARN]: Can't keep up! Is the server overloaded? Running 11283ms or 225 ticks behind
[16:08:48] [Server thread/WARN]: syncronized moved too quickly! 0.9074168921286514,13.089317773447817,66.46148577291623
[16:09:49] [Server thread/INFO]: syncronized issued server command: //schem load spawn
[16:09:50] [WorldEdit Task Executor - 2/INFO]: syncronized loaded /workspaces/eaglercraft-1.21.5-server/server/plugins/WorldEdit/schematics/spawn.schem
[16:10:08] [Server thread/INFO]: syncronized lost connection: Disconnected
[16:10:08] [Server thread/INFO]: syncronized left the game
[16:14:43] [User Authenticator #1/INFO]: UUID of player syncronized is 4fa24d66-b50b-3b99-9637-41e1e51e18ff
[16:14:43] [Server thread/INFO]: syncronized joined the game
[16:14:43] [Server thread/INFO]: syncronized[/127.0.0.1:52154] logged in with entity id 3939 at ([world]-231.58337552113983, 68.0, 83.69999998807907)
[16:14:44] [Netty Epoll Server IO #2/WARN]: [ViaVersion] (1.13->1.12.2) Ignoring plugin channel in serverbound REGISTER: EAG|Voice-1.8
[16:14:44] [Netty Epoll Server IO #2/WARN]: [ViaVersion] (1.13->1.12.2) Ignoring plugin channel in serverbound REGISTER: EAG|1.8-Ready
[16:14:44] [Netty Epoll Server IO #2/WARN]: [ViaVersion] (1.13->1.12.2) Ignoring plugin channel in serverbound REGISTER: EAG|1.8-Voice-RPC
[16:14:44] [Netty Epoll Server IO #2/WARN]: [ViaVersion] (1.13->1.12.2) Ignoring plugin channel in serverbound REGISTER: EAG|1.8-RPC
[16:14:44] [Netty Epoll Server IO #2/WARN]: [ViaVersion] (1.13->1.12.2) Ignoring plugin channel in serverbound REGISTER: EAG|1.8
[16:14:44] [Netty Epoll Server IO #2/WARN]: [ViaVersion] (1.13->1.12.2) Ignoring plugin channel in serverbound REGISTER: EAG|Skins-1.8
[16:14:44] [Netty Epoll Server IO #2/WARN]: [ViaVersion] (1.13->1.12.2) Ignoring plugin channel in serverbound REGISTER: EAG|UpdateCert-1.8
[16:14:44] [Netty Epoll Server IO #2/WARN]: [ViaVersion] (1.13->1.12.2) Ignoring plugin channel in serverbound REGISTER: EAG|FNAWSEn-1.8
[16:14:44] [Netty Epoll Server IO #2/WARN]: [ViaVersion] (1.13->1.12.2) Ignoring plugin channel in serverbound REGISTER: EAG|Capes-1.8
[16:14:46] [Server thread/INFO]: syncronized issued server command: //paste
[16:14:59] [Server thread/WARN]: Can't keep up! Is the server overloaded? Running 12484ms or 249 ticks behind
[16:14:59] [Server thread/WARN]: syncronized moved too quickly! 0.37432268337974506,9.475770693123962,-3.807976227583694
[16:16:24] [Server thread/INFO]: syncronized issued server command: //up 100
[16:16:28] [Server thread/INFO]: syncronized issued server command: /up 100
[16:17:12] [Server thread/INFO]: syncronized issued server command: //set air
[16:18:12] [spark-async-sampler-worker-thread/WARN]: [spark] Timed out waiting for world statistics
[16:18:27] [Server thread/ERROR]: An unexpected error while handling a WorldEdit command
java.lang.OutOfMemoryError: Java heap space
	at worldedit-bukkit-7.3.16.jar/com.sk89q.worldedit.bukkit.fastutil.ints.Int2ObjectOpenHashMap.rehash(Int2ObjectOpenHashMap.java:1304) ~[worldedit-bukkit-7.3.16.jar:?]
	at worldedit-bukkit-7.3.16.jar/com.sk89q.worldedit.bukkit.fastutil.ints.Int2ObjectOpenHashMap.insert(Int2ObjectOpenHashMap.java:255) ~[worldedit-bukkit-7.3.16.jar:?]
	at worldedit-bukkit-7.3.16.jar/com.sk89q.worldedit.bukkit.fastutil.ints.Int2ObjectOpenHashMap.put(Int2ObjectOpenHashMap.java:263) ~[worldedit-bukkit-7.3.16.jar:?]
	at worldedit-bukkit-7.3.16.jar/com.sk89q.worldedit.util.collection.BlockMap.put(BlockMap.java:161) ~[worldedit-bukkit-7.3.16.jar:?]
	at worldedit-bukkit-7.3.16.jar/com.sk89q.worldedit.util.collection.BlockMap.put(BlockMap.java:53) ~[worldedit-bukkit-7.3.16.jar:?]
	at worldedit-bukkit-7.3.16.jar/com.sk89q.worldedit.extent.world.SideEffectExtent.setBlock(SideEffectExtent.java:96) ~[worldedit-bukkit-7.3.16.jar:?]
	at worldedit-bukkit-7.3.16.jar/com.sk89q.worldedit.extent.AbstractDelegateExtent.setBlock(AbstractDelegateExtent.java:78) ~[worldedit-bukkit-7.3.16.jar:?]
	at worldedit-bukkit-7.3.16.jar/com.sk89q.worldedit.extent.world.WatchdogTickingExtent.setBlock(WatchdogTickingExtent.java:83) ~[worldedit-bukkit-7.3.16.jar:?]
	at worldedit-bukkit-7.3.16.jar/com.sk89q.worldedit.extent.AbstractDelegateExtent.setBlock(AbstractDelegateExtent.java:78) ~[worldedit-bukkit-7.3.16.jar:?]
	at worldedit-bukkit-7.3.16.jar/com.sk89q.worldedit.extent.world.SurvivalModeExtent.setBlock(SurvivalModeExtent.java:101) ~[worldedit-bukkit-7.3.16.jar:?]
	at worldedit-bukkit-7.3.16.jar/com.sk89q.worldedit.extent.AbstractDelegateExtent.setBlock(AbstractDelegateExtent.java:78) ~[worldedit-bukkit-7.3.16.jar:?]
	at worldedit-bukkit-7.3.16.jar/com.sk89q.worldedit.extent.AbstractDelegateExtent.setBlock(AbstractDelegateExtent.java:78) ~[worldedit-bukkit-7.3.16.jar:?]
	at worldedit-bukkit-7.3.16.jar/com.sk89q.worldedit.extent.world.ChunkLoadingExtent.setBlock(ChunkLoadingExtent.java:69) ~[worldedit-bukkit-7.3.16.jar:?]
	at worldedit-bukkit-7.3.16.jar/com.sk89q.worldedit.extent.AbstractDelegateExtent.setBlock(AbstractDelegateExtent.java:78) ~[worldedit-bukkit-7.3.16.jar:?]
	at worldedit-bukkit-7.3.16.jar/com.sk89q.worldedit.extent.cache.LastAccessExtentCache.setBlock(LastAccessExtentCache.java:76) ~[worldedit-bukkit-7.3.16.jar:?]
	at worldedit-bukkit-7.3.16.jar/com.sk89q.worldedit.extent.AbstractDelegateExtent.setBlock(AbstractDelegateExtent.java:78) ~[worldedit-bukkit-7.3.16.jar:?]
	at worldedit-bukkit-7.3.16.jar/com.sk89q.worldedit.extent.inventory.BlockBagExtent.setBlock(BlockBagExtent.java:113) ~[worldedit-bukkit-7.3.16.jar:?]
	at worldedit-bukkit-7.3.16.jar/com.sk89q.worldedit.extent.buffer.internal.BatchingExtent$1.lambda$resume$0(BatchingExtent.java:92) ~[worldedit-bukkit-7.3.16.jar:?]
	at worldedit-bukkit-7.3.16.jar/com.sk89q.worldedit.extent.buffer.internal.BatchingExtent$1$$Lambda/0x00007828922619f8.accept(Unknown Source) ~[worldedit-bukkit-7.3.16.jar:?]
	at worldedit-bukkit-7.3.16.jar/com.sk89q.worldedit.util.collection.BlockMap.lambda$forEach$2(BlockMap.java:175) ~[worldedit-bukkit-7.3.16.jar:?]
	at worldedit-bukkit-7.3.16.jar/com.sk89q.worldedit.util.collection.BlockMap$$Lambda/0x000078289226bbc0.accept(Unknown Source) ~[worldedit-bukkit-7.3.16.jar:?]
	at worldedit-bukkit-7.3.16.jar/com.sk89q.worldedit.bukkit.fastutil.ints.Int2ObjectMap.lambda$forEach$0(Int2ObjectMap.java:249) ~[worldedit-bukkit-7.3.16.jar:?]
	at worldedit-bukkit-7.3.16.jar/com.sk89q.worldedit.bukkit.fastutil.ints.Int2ObjectMap$$Lambda/0x000078289226e560.accept(Unknown Source) ~[worldedit-bukkit-7.3.16.jar:?]
	at java.base/java.lang.Iterable.forEach(Iterable.java:75) ~[?:?]
	at worldedit-bukkit-7.3.16.jar/com.sk89q.worldedit.bukkit.fastutil.ints.Int2ObjectMap.forEach(Int2ObjectMap.java:253) ~[worldedit-bukkit-7.3.16.jar:?]
	at worldedit-bukkit-7.3.16.jar/com.sk89q.worldedit.util.collection.BlockMap.lambda$forEach$3(BlockMap.java:174) ~[worldedit-bukkit-7.3.16.jar:?]
	at worldedit-bukkit-7.3.16.jar/com.sk89q.worldedit.util.collection.BlockMap$$Lambda/0x0000782892261c20.accept(Unknown Source) ~[worldedit-bukkit-7.3.16.jar:?]
	at worldedit-bukkit-7.3.16.jar/com.sk89q.worldedit.bukkit.fastutil.longs.Long2ObjectMap.lambda$forEach$0(Long2ObjectMap.java:249) ~[worldedit-bukkit-7.3.16.jar:?]
	at worldedit-bukkit-7.3.16.jar/com.sk89q.worldedit.bukkit.fastutil.longs.Long2ObjectMap$$Lambda/0x00007828922631a0.accept(Unknown Source) ~[worldedit-bukkit-7.3.16.jar:?]
	at worldedit-bukkit-7.3.16.jar/com.sk89q.worldedit.bukkit.fastutil.longs.Long2ObjectOpenHashMap$MapEntrySet.fastForEach(Long2ObjectOpenHashMap.java:1035) ~[worldedit-bukkit-7.3.16.jar:?]
	at worldedit-bukkit-7.3.16.jar/com.sk89q.worldedit.bukkit.fastutil.longs.Long2ObjectMap.forEach(Long2ObjectMap.java:251) ~[worldedit-bukkit-7.3.16.jar:?]
	at worldedit-bukkit-7.3.16.jar/com.sk89q.worldedit.util.collection.BlockMap.forEach(BlockMap.java:173) ~[worldedit-bukkit-7.3.16.jar:?]
[16:18:27] [Server thread/WARN]: Can't keep up! Is the server overloaded? Running 75751ms or 1515 ticks behind
[16:18:27] [Server thread/INFO]: syncronized lost connection: Disconnected
[16:18:28] [Server thread/INFO]: syncronized left the game
[16:18:55] [Server thread/WARN]: Can't keep up! Is the server overloaded? Running 12813ms or 256 ticks behind
[16:19:47] [User Authenticator #2/INFO]: UUID of player syncronized is 4fa24d66-b50b-3b99-9637-41e1e51e18ff
[16:19:53] [Server thread/INFO]: syncronized joined the game
[16:19:53] [Server thread/INFO]: syncronized[/127.0.0.1:59704] logged in with entity id 5987 at ([world]-154.89780206446153, 80.65760199937053, 237.05206605577055)
[16:19:58] [Server thread/WARN]: Can't keep up! Is the server overloaded? Running 7285ms or 145 ticks behind
[16:20:09] [Netty Epoll Server IO #3/WARN]: [ViaVersion] (1.13->1.12.2) Ignoring plugin channel in serverbound REGISTER: EAG|Voice-1.8
[16:20:09] [Netty Epoll Server IO #3/WARN]: [ViaVersion] (1.13->1.12.2) Ignoring plugin channel in serverbound REGISTER: EAG|1.8-Ready
[16:20:09] [Netty Epoll Server IO #3/WARN]: [ViaVersion] (1.13->1.12.2) Ignoring plugin channel in serverbound REGISTER: EAG|1.8-Voice-RPC
[16:20:09] [Netty Epoll Server IO #3/WARN]: [ViaVersion] (1.13->1.12.2) Ignoring plugin channel in serverbound REGISTER: EAG|1.8-RPC
[16:20:09] [Netty Epoll Server IO #3/WARN]: [ViaVersion] (1.13->1.12.2) Ignoring plugin channel in serverbound REGISTER: EAG|1.8
[16:20:09] [Netty Epoll Server IO #3/WARN]: [ViaVersion] (1.13->1.12.2) Ignoring plugin channel in serverbound REGISTER: EAG|Skins-1.8
[16:20:09] [Netty Epoll Server IO #3/WARN]: [ViaVersion] (1.13->1.12.2) Ignoring plugin channel in serverbound REGISTER: EAG|UpdateCert-1.8
[16:20:09] [Netty Epoll Server IO #3/WARN]: [ViaVersion] (1.13->1.12.2) Ignoring plugin channel in serverbound REGISTER: EAG|FNAWSEn-1.8
[16:20:09] [Netty Epoll Server IO #3/WARN]: [ViaVersion] (1.13->1.12.2) Ignoring plugin channel in serverbound REGISTER: EAG|Capes-1.8
[16:20:41] [Server thread/INFO]: syncronized lost connection: Disconnected
[16:20:42] [Server thread/INFO]: syncronized left the game
[16:20:42] [Server thread/WARN]: Can't keep up! Is the server overloaded? Running 2698ms or 53 ticks behind
[17:09:04] [User Authenticator #3/INFO]: UUID of player syncronized is 4fa24d66-b50b-3b99-9637-41e1e51e18ff
[17:09:05] [Server thread/INFO]: syncronized joined the game
[17:09:05] [Server thread/INFO]: syncronized[/127.0.0.1:46340] logged in with entity id 5990 at ([world]-154.89780206446153, 80.65760199937053, 237.05206605577055)
[17:09:05] [Netty Epoll Server IO #0/WARN]: [ViaVersion] (1.13->1.12.2) Ignoring plugin channel in serverbound REGISTER: EAG|Voice-1.8
[17:09:05] [Netty Epoll Server IO #0/WARN]: [ViaVersion] (1.13->1.12.2) Ignoring plugin channel in serverbound REGISTER: EAG|1.8-Ready
[17:09:05] [Netty Epoll Server IO #0/WARN]: [ViaVersion] (1.13->1.12.2) Ignoring plugin channel in serverbound REGISTER: EAG|1.8-Voice-RPC
[17:09:05] [Netty Epoll Server IO #0/WARN]: [ViaVersion] (1.13->1.12.2) Ignoring plugin channel in serverbound REGISTER: EAG|1.8-RPC
[17:09:05] [Netty Epoll Server IO #0/WARN]: [ViaVersion] (1.13->1.12.2) Ignoring plugin channel in serverbound REGISTER: EAG|1.8
[17:09:05] [Netty Epoll Server IO #0/WARN]: [ViaVersion] (1.13->1.12.2) Ignoring plugin channel in serverbound REGISTER: EAG|Skins-1.8
[17:09:05] [Netty Epoll Server IO #0/WARN]: [ViaVersion] (1.13->1.12.2) Ignoring plugin channel in serverbound REGISTER: EAG|UpdateCert-1.8
[17:09:05] [Netty Epoll Server IO #0/WARN]: [ViaVersion] (1.13->1.12.2) Ignoring plugin channel in serverbound REGISTER: EAG|FNAWSEn-1.8
[17:09:05] [Netty Epoll Server IO #0/WARN]: [ViaVersion] (1.13->1.12.2) Ignoring plugin channel in serverbound REGISTER: EAG|Capes-1.8
[17:09:31] [Server thread/INFO]: syncronized issued server command: /weather clear
[17:09:31] [Server thread/INFO]: [syncronized: Set the weather to clear]
[17:10:10] [Server thread/INFO]: syncronized issued server command: //set cobblestone,stone,stone_bricks
[17:10:20] [Server thread/INFO]: syncronized issued server command: //undo
[17:10:22] [Server thread/INFO]: syncronized issued server command: //redo
[17:11:51] [Server thread/INFO]: syncronized issued server command: /up 100
[17:11:58] [Server thread/INFO]: syncronized issued server command: /worldguard
[17:12:09] [Server thread/INFO]: syncronized issued server command: /worldguard help
[17:12:17] [Server thread/INFO]: syncronized issued server command: /help worldguard
[17:12:20] [Server thread/INFO]: syncronized issued server command: /region
[17:12:24] [Server thread/INFO]: syncronized issued server command: /region select
[17:12:35] [Server thread/INFO]: syncronized issued server command: /region select
[17:12:48] [Server thread/INFO]: syncronized issued server command: /help worldguard 2
[17:12:54] [Server thread/INFO]: syncronized issued server command: /worldguard
[17:13:02] [Server thread/INFO]: syncronized issued server command: /region create
[17:13:10] [Server thread/INFO]: syncronized issued server command: /region create spawn
[17:13:18] [WorldGuard Region I/O/INFO]: [WorldGuard] Region data changes made in 'world' have been background saved
[17:13:23] [Server thread/INFO]: syncronized issued server command: /rg flags
[17:13:43] [Server thread/INFO]: syncronized issued server command: /rg flag -w "world" -h 1 spawn pvp DENY
[17:13:47] [Server thread/INFO]: syncronized issued server command: /rg flag -w "world" -h 1 spawn damage-animals ALLOW
[17:13:48] [WorldGuard Region I/O/INFO]: [WorldGuard] Region data changes made in 'world' have been background saved
[17:13:51] [Server thread/INFO]: syncronized issued server command: /rg flag -w "world" -h 1 spawn sleep DENY
[17:13:52] [Server thread/INFO]: syncronized issued server command: /rg flag -w "world" -h 1 spawn respawn-anchors DENY
[17:13:52] [Server thread/INFO]: syncronized issued server command: /rg flag -w "world" -h 1 spawn tnt DENY
[17:13:55] [Server thread/INFO]: syncronized issued server command: /rg flag -w "world" -h 1 spawn chest-access DENY
[17:13:56] [Server thread/INFO]: syncronized issued server command: /rg flag -w "world" -h 1 spawn vehicle-place DENY
[17:13:57] [Server thread/INFO]: syncronized issued server command: /rg flag -w "world" -h 1 spawn vehicle-destroy DENY
[17:14:00] [Server thread/INFO]: syncronized issued server command: /rg flag -w "world" -h 1 spawn lighter DENY
[17:14:01] [Server thread/INFO]: syncronized issued server command: /rg flag -w "world" -h 1 spawn ride DENY
[17:14:01] [Server thread/INFO]: syncronized issued server command: /rg flag -w "world" -h 1 spawn potion-splash DENY
[17:14:04] [Server thread/INFO]: syncronized issued server command: /rg flag -w "world" -h 1 spawn interact ALLOW
[17:14:05] [Server thread/INFO]: syncronized issued server command: /rg flag -w "world" -h 1 spawn use DENY
[17:14:12] [Server thread/INFO]: syncronized issued server command: /rg flags -w "world" -p 2 spawn
[17:14:15] [Server thread/INFO]: syncronized issued server command: /rg flag -w "world" -h 2 spawn use-anvil DENY
[17:14:16] [Server thread/INFO]: syncronized issued server command: /rg flag -w "world" -h 2 spawn firework-damage DENY
[17:14:18] [Server thread/INFO]: syncronized issued server command: /rg flag -w "world" -h 2 spawn block-trampling DENY
[17:14:18] [WorldGuard Region I/O/INFO]: [WorldGuard] Region data changes made in 'world' have been background saved
[17:14:20] [Server thread/INFO]: syncronized issued server command: /rg flag -w "world" -h 2 spawn item-frame-rotation DENY
[17:14:22] [Server thread/INFO]: syncronized issued server command: /rg flag -w "world" -h 2 spawn use-dripleaf DENY
[17:14:24] [Server thread/INFO]: syncronized issued server command: /rg flag -w "world" -h 2 spawn wind-charge-burst ALLOW
[17:14:28] [Server thread/INFO]: syncronized issued server command: /rg flag -w "world" -h 2 spawn item-pickup DENY
[17:14:31] [Server thread/INFO]: syncronized issued server command: /rg flag -w "world" -h 2 spawn item-drop DENY
[17:14:33] [Server thread/INFO]: syncronized issued server command: /rg flag -w "world" -h 2 spawn exp-drops DENY
[17:14:35] [Server thread/INFO]: syncronized issued server command: /rg flag -w "world" -h 2 spawn mob-damage DENY
[17:14:36] [Server thread/INFO]: syncronized issued server command: /rg flag -w "world" -h 2 spawn creeper-explosion DENY
[17:14:37] [Server thread/INFO]: syncronized issued server command: /rg flag -w "world" -h 2 spawn enderdragon-block-damage DENY
[17:14:39] [Server thread/INFO]: syncronized issued server command: /rg flag -w "world" -h 2 spawn ghast-fireball DENY
[17:14:40] [Server thread/INFO]: syncronized issued server command: /rg flag -w "world" -h 2 spawn other-explosion DENY
[17:14:41] [Server thread/INFO]: syncronized issued server command: /rg flag -w "world" -h 2 spawn breeze-charge-explosion DENY
[17:14:42] [Server thread/INFO]: syncronized issued server command: /rg flag -w "world" -h 2 spawn wither-damage DENY
[17:14:43] [Server thread/INFO]: syncronized issued server command: /rg flag -w "world" -h 2 spawn enderman-grief DENY
[17:14:44] [Server thread/INFO]: syncronized issued server command: /rg flag -w "world" -h 2 spawn snowman-trails DENY
[17:14:45] [Server thread/INFO]: syncronized issued server command: /rg flags -w "world" -p 3 spawn
[17:14:47] [Server thread/INFO]: syncronized issued server command: /rg flag -w "world" -h 3 spawn ravager-grief DENY
[17:14:48] [Server thread/INFO]: syncronized issued server command: /rg flag -w "world" -h 3 spawn entity-painting-destroy DENY
[17:14:48] [WorldGuard Region I/O/INFO]: [WorldGuard] Region data changes made in 'world' have been background saved
[17:14:49] [Server thread/INFO]: syncronized issued server command: /rg flag -w "world" -h 3 spawn entity-item-frame-destroy DENY
[17:14:50] [Server thread/INFO]: syncronized issued server command: /rg flag -w "world" -h 3 spawn mob-spawning DENY
[17:14:57] [Server thread/INFO]: syncronized issued server command: /rg flag -w "world" -h 3 spawn deny-spawn pigs
[17:15:02] [Server thread/INFO]: syncronized issued server command: /rg flag -w "world" -h 3 spawn deny-spawn friendly
[17:15:07] [Server thread/INFO]: syncronized issued server command: /rg flag -w "world" -h 3 spawn deny-spawn minecraft:pig
[17:15:18] [WorldGuard Region I/O/INFO]: [WorldGuard] Region data changes made in 'world' have been background saved
[17:15:22] [Server thread/INFO]: syncronized issued server command: /rg flag -w "world" -h 3 spawn deny-spawn cow
[17:15:33] [Server thread/INFO]: syncronized issued server command: /rg flag -w "world" -h 3 spawn deny-spawn chicken
[17:15:41] [Server thread/INFO]: syncronized issued server command: /rg flag -w "world" -h 3 spawn pistons DENY
[17:15:42] [Server thread/INFO]: syncronized issued server command: /rg flag -w "world" -h 3 spawn fire-spread DENY
[17:15:44] [Server thread/INFO]: syncronized issued server command: /rg flag -w "world" -h 3 spawn lava-fire DENY
[17:15:44] [Server thread/INFO]: syncronized issued server command: /rg flag -w "world" -h 3 spawn lightning DENY
[17:15:46] [Server thread/INFO]: syncronized issued server command: /rg flag -w "world" -h 3 spawn snow-melt DENY
[17:15:47] [Server thread/INFO]: syncronized issued server command: /rg flag -w "world" -h 3 spawn snow-fall DENY
[17:15:48] [WorldGuard Region I/O/INFO]: [WorldGuard] Region data changes made in 'world' have been background saved
[17:15:51] [Server thread/INFO]: syncronized issued server command: /rg flag -w "world" -h 3 spawn ice-form DENY
[17:15:53] [Server thread/INFO]: syncronized issued server command: /rg flag -w "world" -h 3 spawn ice-melt DENY
[17:15:54] [Server thread/INFO]: syncronized issued server command: /rg flag -w "world" -h 3 spawn frosted-ice-melt DENY
[17:15:54] [Server thread/INFO]: syncronized issued server command: /rg flag -w "world" -h 3 spawn frosted-ice-form DENY
[17:15:55] [Server thread/INFO]: syncronized issued server command: /rg flag -w "world" -h 3 spawn mushroom-growth DENY
[17:15:56] [Server thread/INFO]: syncronized issued server command: /rg flag -w "world" -h 3 spawn leaf-decay DENY
[17:15:57] [Server thread/INFO]: syncronized issued server command: /rg flag -w "world" -h 3 spawn grass-growth DENY
[17:15:58] [Server thread/INFO]: syncronized issued server command: /rg flags -w "world" -p 4 spawn
[17:16:06] [Server thread/INFO]: syncronized issued server command: /rg flag -w "world" -h 4 spawn vine-growth DENY
[17:16:08] [Server thread/INFO]: syncronized issued server command: /rg flag -w "world" -h 4 spawn mycelium-spread DENY
[17:16:18] [WorldGuard Region I/O/INFO]: [WorldGuard] Region data changes made in 'world' have been background saved
[17:16:18] [Server thread/INFO]: syncronized issued server command: /rg flag -w "world" -h 4 spawn rock-growth DENY
[17:16:19] [Server thread/INFO]: syncronized issued server command: /rg flag -w "world" -h 4 spawn sculk-growth DENY
[17:16:20] [Server thread/INFO]: syncronized issued server command: /rg flag -w "world" -h 4 spawn crop-growth DENY
[17:16:23] [Server thread/INFO]: syncronized issued server command: /rg flag -w "world" -h 4 spawn soil-dry DENY
[17:16:24] [Server thread/INFO]: syncronized issued server command: /rg flag -w "world" -h 4 spawn coral-fade DENY
[17:16:25] [Server thread/INFO]: syncronized issued server command: /rg flag -w "world" -h 4 spawn copper-fade DENY
[17:16:25] [Server thread/INFO]: syncronized issued server command: /rg flag -w "world" -h 4 spawn water-flow DENY
[17:16:27] [Server thread/INFO]: syncronized issued server command: /rg flag -w "world" -h 4 spawn lava-flow DENY
[17:16:30] [Server thread/INFO]: syncronized issued server command: /rg flag -w "world" -h 4 spawn water-flow ALLOW
[17:16:31] [Server thread/INFO]: syncronized issued server command: /rg flag -w "world" -h 4 spawn lava-flow ALLOW
[17:16:34] [Server thread/INFO]: syncronized issued server command: /rg flag -w "world" -h 4 spawn moisture-change DENY
[17:16:37] [Server thread/INFO]: syncronized issued server command: /rg flag -w "world" -h 4 spawn weather-lock clear
[17:16:43] [Server thread/INFO]: syncronized issued server command: /rg flag -w "world" -h 4 spawn time-lock 10000
[17:16:48] [WorldGuard Region I/O/INFO]: [WorldGuard] Region data changes made in 'world' have been background saved
[17:16:48] [Server thread/INFO]: syncronized issued server command: /rg flag -w "world" -h 4 spawn send-chat ALLOW
[17:16:50] [Server thread/INFO]: syncronized issued server command: /rg flag -w "world" -h 4 spawn receive-chat ALLOW
[17:16:55] [Server thread/INFO]: syncronized issued server command: /rg flags -w "world" -p 5 spawn
[17:17:12] [Server thread/INFO]: syncronized issued server command: /rg flag -w "world" -h 5 spawn spawn
[17:17:18] [WorldGuard Region I/O/INFO]: [WorldGuard] Region data changes made in 'world' have been background saved
[17:17:22] [Server thread/INFO]: syncronized issued server command: /rg flag -w "world" -h 5 spawn spawn -281 68 84
[17:17:29] [Server thread/INFO]: syncronized issued server command: /rg flag -w "world" -h 5 spawn spawn -281,68,84
[17:17:43] [Server thread/INFO]: syncronized issued server command: /rg flag -w "world" -h 5 spawn teleport-message Welcome to Spawn
[17:17:46] [Server thread/INFO]: syncronized issued server command: /rg flag -w "world" -h 5 spawn invincible ALLOW
[17:17:47] [Server thread/INFO]: syncronized issued server command: /rg flag -w "world" -h 5 spawn fall-damage DENY
[17:17:48] [WorldGuard Region I/O/INFO]: [WorldGuard] Region data changes made in 'world' have been background saved
[17:17:49] [Server thread/INFO]: syncronized issued server command: /rg flag -w "world" -h 5 spawn natural-health-regen ALLOW
[17:17:51] [Server thread/INFO]: syncronized issued server command: /rg flag -w "world" -h 5 spawn natural-hunger-drain DENY
[17:17:55] [Server thread/INFO]: syncronized issued server command: /rg flag -w "world" -h 5 spawn entry ALLOW
[17:17:56] [Server thread/INFO]: syncronized issued server command: /rg flag -w "world" -h 5 spawn exit ALLOW
[17:17:58] [Server thread/INFO]: syncronized issued server command: /rg flag -w "world" -h 5 spawn exit-override false
[17:18:01] [Server thread/INFO]: syncronized issued server command: /rg flag -w "world" -h 5 spawn exit-via-teleport DENY
[17:18:02] [Server thread/INFO]: syncronized issued server command: /rg flag -w "world" -h 5 spawn exit-via-teleport ALLOW
[17:18:05] [Server thread/INFO]: syncronized issued server command: /rg flag -w "world" -h 5 spawn enderpearl DENY
[17:18:07] [Server thread/INFO]: syncronized issued server command: /rg flag -w "world" -h 5 spawn chorus-fruit-teleport DENY
[17:18:18] [WorldGuard Region I/O/INFO]: [WorldGuard] Region data changes made in 'world' have been background saved
[17:18:25] [Server thread/INFO]: syncronized issued server command: /rg flag -w "world" -h 5 spawn greeting Welcome to the Citadell
[17:18:44] [Server thread/INFO]: syncronized issued server command: /rg flag -w "world" -h 5 spawn farewell You are leaving the safety of the Citadell
[17:18:48] [WorldGuard Region I/O/INFO]: [WorldGuard] Region data changes made in 'world' have been background saved
[17:18:50] [Server thread/INFO]: syncronized issued server command: /rg flag -w "world" -h 5 spawn notify-enter true
[17:18:51] [Server thread/INFO]: syncronized issued server command: /rg flag -w "world" -h 5 spawn notify-leave true
[17:18:52] [Server thread/INFO]: syncronized issued server command: /rg flags -w "world" -p 6 spawn
[17:19:01] [Server thread/INFO]: syncronized issued server command: /rg flag -w "world" -h 6 spawn game-mode survival
[17:19:18] [WorldGuard Region I/O/INFO]: [WorldGuard] Region data changes made in 'world' have been background saved
[17:19:41] [Server thread/INFO]: syncronized issued server command: /rg flag -w "world" -h 6 spawn deny-message Sorry, but you are not permitted to %what% inside the Citadell's walls
[17:19:48] [WorldGuard Region I/O/INFO]: [WorldGuard] Region data changes made in 'world' have been background saved
[17:20:35] [Server thread/INFO]: syncronized issued server command: /rg flag -w "world" -h 6 spawn entry-deny-message You are &4&lBanished &7from the Citadell
[17:20:48] [WorldGuard Region I/O/INFO]: [WorldGuard] Region data changes made in 'world' have been background saved
[17:20:52] [Server thread/INFO]: syncronized issued server command: /rg flag -w "world" -h 6 spawn entry-deny-message You are &4&lBanished &ffrom the Citadell
[17:21:09] [Server thread/INFO]: syncronized issued server command: /rg flag -w "world" -h 6 spawn exit-deny-message You are being withheld inside the Citadell
[17:21:18] [WorldGuard Region I/O/INFO]: [WorldGuard] Region data changes made in 'world' have been background saved
[17:21:56] [Server thread/INFO]: syncronized has made the advancement [Stone Age]
[17:25:34] [Server thread/INFO]: syncronized issued server command: /up 20
[17:25:41] [Server thread/INFO]: syncronized issued server command: /up 15
[17:25:46] [Server thread/INFO]: syncronized issued server command: /up 10
[17:25:55] [Server thread/INFO]: syncronized issued server command: /up 10
[17:26:04] [Server thread/INFO]: syncronized issued server command: //set white_wool
[17:26:15] [Server thread/INFO]: syncronized issued server command: //set white_wool
[17:27:49] [Server thread/INFO]: syncronized issued server command: //set white_wool
[17:28:02] [Server thread/INFO]: syncronized issued server command: //set white_wool
[17:28:26] [Server thread/INFO]: syncronized issued server command: //copy
[17:28:33] [Server thread/INFO]: syncronized issued server command: //paste
[17:29:02] [Server thread/INFO]: syncronized issued server command: /up 12
[17:29:15] [Server thread/INFO]: syncronized issued server command: //copy
[17:29:20] [Server thread/INFO]: syncronized issued server command: //paste
[17:29:44] [Server thread/INFO]: syncronized issued server command: //paste
[17:30:26] [Server thread/INFO]: syncronized issued server command: /up 12
[17:30:48] [Server thread/INFO]: syncronized issued server command: //copy
[17:31:05] [Server thread/INFO]: syncronized issued server command: //paste
[17:31:09] [Server thread/INFO]: syncronized issued server command: //undo
[17:31:13] [Server thread/INFO]: syncronized issued server command: //rotate 90
[17:31:14] [Server thread/INFO]: syncronized issued server command: //paste
[17:31:45] [Server thread/INFO]: syncronized issued server command: //rotate 90
[17:32:06] [Server thread/INFO]: syncronized issued server command: //paste
[17:32:12] [Server thread/INFO]: syncronized issued server command: //rotate 90
[17:32:25] [Server thread/INFO]: syncronized issued server command: //paste
[17:32:38] [Server thread/INFO]: syncronized issued server command: /up 12
[17:33:15] [Server thread/INFO]: syncronized issued server command: //replace white_wool cobblestone,stone,stone_bricks
[17:34:44] [Server thread/INFO]: syncronized issued server command: //replace air nether_brick
[17:34:46] [Server thread/INFO]: syncronized issued server command: //replace air nether_brick
[17:34:52] [Server thread/INFO]: syncronized issued server command: //replace air nether_brick
[17:34:54] [Server thread/INFO]: syncronized issued server command: //replace air nether_bricks
[17:35:11] [Server thread/INFO]: syncronized issued server command: //replace nether_bricks air
[17:35:19] [Server thread/INFO]: syncronized issued server command: //replace nether_bricks air
[17:38:24] [Server thread/INFO]: syncronized issued server command: //replace nether_bricks diorite,polished_diorite,white_concrete_powder
[17:38:58] [Server thread/INFO]: syncronized issued server command: //replace nether_bricks diorite,polished_diorite,white_concrete_powder
[17:39:09] [Server thread/INFO]: syncronized issued server command: //replace nether_bricks diorite,polished_diorite
[17:39:15] [Server thread/INFO]: syncronized issued server command: //undo
[17:39:17] [Server thread/INFO]: syncronized issued server command: //replace nether_bricks diorite,polished_diorite
[17:39:23] [Server thread/INFO]: syncronized issued server command: //undo
[17:40:09] [Server thread/INFO]: syncronized issued server command: //replace nether_bricks diorite,polished_diorite,white_shulker
[17:40:12] [Server thread/INFO]: syncronized issued server command: //replace nether_bricks diorite,polished_diorite,white_shulker_box
[17:40:23] [Server thread/INFO]: syncronized issued server command: //undo
[17:40:26] [Server thread/INFO]: syncronized issued server command: //replace nether_bricks diorite,polished_diorite
[17:40:49] [Server thread/INFO]: syncronized issued server command: //copy
[17:40:53] [Server thread/INFO]: syncronized issued server command: //rotate 90
[17:41:00] [Server thread/INFO]: syncronized issued server command: //paste
[17:41:07] [Server thread/INFO]: syncronized issued server command: //paste
[17:41:12] [Server thread/INFO]: syncronized issued server command: //rotate 90
[17:41:16] [Server thread/INFO]: syncronized issued server command: //paste
[17:41:21] [Server thread/INFO]: syncronized issued server command: //paste
[17:41:48] [Server thread/INFO]: Named entity WitherSkeleton['Skeletal Knight'/11674, uuid='abcfa25c-7ea9-4085-8e85-9822b8a83125', l='ServerLevel[world]', x=-345.50, y=47.00, z=188.50, cpos=[-22, 11], tl=461, v=true] died: Skeletal Knight suffocated in a wall
[17:41:55] [Server thread/INFO]: syncronized issued server command: //paste
[17:41:58] [Server thread/INFO]: syncronized issued server command: //undo
[17:42:02] [Server thread/INFO]: syncronized issued server command: //rotate 90
[17:42:05] [Server thread/INFO]: syncronized issued server command: //paste
[17:42:10] [Server thread/INFO]: syncronized issued server command: //paste
[17:43:30] [Server thread/INFO]: Named entity WitherSkeleton['Skeletal Knight'/12018, uuid='11c9a610-6e8e-492d-80bc-3703dfe4bd23', l='ServerLevel[world]', x=-346.50, y=6.00, z=117.50, cpos=[-22, 7], tl=447, v=true] died: Skeletal Knight suffocated in a wall
[17:45:50] [Server thread/INFO]: syncronized issued server command: /up 10
[17:46:00] [Server thread/INFO]: Named entity WitherSkeleton['Skeletal Knight'/12644, uuid='86f2858b-5a14-483e-a86c-c7d6ccb8fd81', l='ServerLevel[world]', x=-382.50, y=10.00, z=134.50, cpos=[-24, 8], tl=463, v=true] died: Skeletal Knight suffocated in a wall
[17:46:05] [Server thread/INFO]: syncronized issued server command: //copy
[17:46:11] [Server thread/INFO]: syncronized issued server command: //paste
[17:46:12] [Server thread/INFO]: syncronized issued server command: //paste
[17:46:13] [Server thread/INFO]: syncronized issued server command: //paste
[17:46:14] [Server thread/INFO]: syncronized issued server command: //paste
[17:46:46] [Server thread/INFO]: syncronized issued server command: /up 10
[17:46:47] [Server thread/INFO]: syncronized issued server command: /up 10
[17:47:05] [Server thread/INFO]: syncronized issued server command: //set white_wool
[17:47:21] [Server thread/INFO]: syncronized issued server command: //copy
[17:47:28] [Server thread/INFO]: syncronized issued server command: //paste
[17:47:32] [Server thread/INFO]: syncronized issued server command: //undp
[17:47:34] [Server thread/INFO]: syncronized issued server command: //undo
[17:47:38] [Server thread/INFO]: syncronized issued server command: //paste
[17:50:42] [Server thread/INFO]: syncronized lost connection: Timed out
[17:50:42] [Server thread/INFO]: syncronized left the game
