[2025/09/08 12:10:20]: §9          __             _       
[2025/09/08 12:10:20]: §9  _ __   / /  ___   __ _(_)_ __  
[2025/09/08 12:10:20]: §9 | '_ \ / /  / _ \ / _` | | '_ \ 
[2025/09/08 12:10:20]: §9 | | | / /__| (_) | (_| | | | | |
[2025/09/08 12:10:20]: §9 |_| |_\____/\___/ \__, |_|_| |_|
[2025/09/08 12:10:20]: §9                  |___/            
[2025/09/08 12:10:20]: §9 By: www.nickuc.com - V 10.4.23 DEVELOPMENT
[2025/09/08 12:10:20]: §9 
[2025/09/08 12:10:20]: §3[nLogin] [DEBUG] All settings were loaded in 242 ms.
[2025/09/08 12:10:20]: §3[nLogin] [DEBUG] Loading the messages_en.yml message file...
[2025/09/08 12:10:20]: §3[nLogin] [DEBUG] All plugin messages were loaded in 151 ms (languageByClient=false).
[2025/09/08 12:10:20]: §3[nLogin] [DEBUG] All proxy settings were loaded in 42 ms.
[2025/09/08 12:10:20]: §3[nLogin] [DEBUG] Loading database...
[2025/09/08 12:10:21]: §3[nLogin] [DEBUG] Starting logger filter...
[2025/09/08 12:10:27]: 
[2025/09/08 12:10:27]:  §bThank you so much for choosing nLogin! §4<3
[2025/09/08 12:10:27]: 
[2025/09/08 12:10:27]:  §4For your safety, please read the message below:
[2025/09/08 12:10:27]:   §cNever download nLogin from unknown sources.
[2025/09/08 12:10:27]:   §cA modified version may contain malicious software.
[2025/09/08 12:10:27]: 
[2025/09/08 12:10:27]:  §3Trusted sources:
[2025/09/08 12:10:27]:   §bwww.nickuc.com
[2025/09/08 12:10:27]:   §bwww.github.com/nickuc
[2025/09/08 12:10:27]:   §bOpeNLogin installer (from Spigot or GitHub)
[2025/09/08 12:10:27]: 
[2025/09/08 12:10:27]:  §3Official support channels:
[2025/09/08 12:10:27]:   §bDiscord group: §fwww.nickuc.com/discord
[2025/09/08 12:10:27]:   §bDocumentation: §fdocs.nickuc.com/nlogin/
[2025/09/08 12:10:27]:   §bEmail: §fsupport@nickuc.com
[2025/09/08 12:10:27]:   §bYouTube: §fyoutube.com/nickuc
[2025/09/08 12:10:27]: 
[2025/09/08 12:10:27]:  §eTo remove this warning, log in with "nlogin.admin" permission on the server
[2025/09/08 12:10:27]:  §eand click the "Setup plugin" button to configure your plugin.
[2025/09/08 12:10:27]: 
[2025/09/08 15:52:46]: §3[nLogin] [DEBUG] [SQLite] [UPDATE]: "UPDATE `nlogin` SET `last_name` = 'syncronized', `unique_id` = 4fa24d66b50b3b99963741e1e51e18ff,  `mojang_id` = null,  `bedrock_id` = null,  `password` = '$2a$10$ElvLKMqZFRz.10B5QLOq8u.4IUvWPf8nyjrQIWTqigNb1mQzHSNca', `last_ip` = '0:0:0:0:0:0:0:1', `creation_date` = 2025-09-03 11:52:10.753, `last_seen` = 2025-09-08 15:52:46.925, `email` = null, `discord` = null, `settings` = '{"settings":[{"value":"survival","key":"last-server"},{"value":"en","key":"language"}],"version":0}' WHERE `ai` = 2" (applied to [last_ip, last_seen, settings] columns)
[2025/09/08 15:52:46]: [nLogin] The user syncronized has successfully logged in.
[2025/09/08 16:10:13]: §3[nLogin] [DEBUG] [SQLite] [UPDATE]: "UPDATE `nlogin` SET `last_name` = 'syncronized', `unique_id` = 4fa24d66b50b3b99963741e1e51e18ff,  `mojang_id` = null,  `bedrock_id` = null,  `password` = '$2a$10$ElvLKMqZFRz.10B5QLOq8u.4IUvWPf8nyjrQIWTqigNb1mQzHSNca', `last_ip` = '0:0:0:0:0:0:0:1', `creation_date` = 2025-09-03 11:52:10.753, `last_seen` = 2025-09-08 16:10:13.128, `email` = null, `discord` = null, `settings` = '{"settings":[{"value":"survival","key":"last-server"},{"value":"en","key":"language"}],"version":0}' WHERE `ai` = 2" (applied to [last_seen, settings] columns)
[2025/09/08 16:16:29]: §3[nLogin] [DEBUG] [SQLite] [UPDATE]: "UPDATE `nlogin` SET `last_name` = 'syncronized', `unique_id` = 4fa24d66b50b3b99963741e1e51e18ff,  `mojang_id` = null,  `bedrock_id` = null,  `password` = '$2a$10$ElvLKMqZFRz.10B5QLOq8u.4IUvWPf8nyjrQIWTqigNb1mQzHSNca', `last_ip` = '0:0:0:0:0:0:0:1', `creation_date` = 2025-09-03 11:52:10.753, `last_seen` = 2025-09-08 16:16:29.304, `email` = null, `discord` = null, `settings` = '{"settings":[{"value":"survival","key":"last-server"},{"value":"en","key":"language"}],"version":0}' WHERE `ai` = 2" (applied to [last_ip, last_seen, settings] columns)
[2025/09/08 16:16:29]: [nLogin] The user syncronized has successfully logged in.
[2025/09/08 16:18:35]: §3[nLogin] [DEBUG] [SQLite] [UPDATE]: "UPDATE `nlogin` SET `last_name` = 'syncronized', `unique_id` = 4fa24d66b50b3b99963741e1e51e18ff,  `mojang_id` = null,  `bedrock_id` = null,  `password` = '$2a$10$ElvLKMqZFRz.10B5QLOq8u.4IUvWPf8nyjrQIWTqigNb1mQzHSNca', `last_ip` = '0:0:0:0:0:0:0:1', `creation_date` = 2025-09-03 11:52:10.753, `last_seen` = 2025-09-08 16:18:35.413, `email` = null, `discord` = null, `settings` = '{"settings":[{"value":"survival","key":"last-server"},{"value":"en","key":"language"}],"version":0}' WHERE `ai` = 2" (applied to [last_seen, settings] columns)
[2025/09/08 16:19:18]: §3[nLogin] [DEBUG] [SQLite] [UPDATE]: "UPDATE `nlogin` SET `last_name` = 'syncronized', `unique_id` = 4fa24d66b50b3b99963741e1e51e18ff,  `mojang_id` = null,  `bedrock_id` = null,  `password` = '$2a$10$ElvLKMqZFRz.10B5QLOq8u.4IUvWPf8nyjrQIWTqigNb1mQzHSNca', `last_ip` = '0:0:0:0:0:0:0:1', `creation_date` = 2025-09-03 11:52:10.753, `last_seen` = 2025-09-08 16:19:17.994, `email` = null, `discord` = null, `settings` = '{"settings":[{"value":"survival","key":"last-server"},{"value":"en","key":"language"}],"version":0}' WHERE `ai` = 2" (applied to [last_ip, last_seen, settings] columns)
[2025/09/08 16:19:18]: [nLogin] The user syncronized has successfully logged in.
[2025/09/08 16:42:40]: §3[nLogin] [DEBUG] [SQLite] [UPDATE]: "UPDATE `nlogin` SET `last_name` = 'syncronized', `unique_id` = 4fa24d66b50b3b99963741e1e51e18ff,  `mojang_id` = null,  `bedrock_id` = null,  `password` = '$2a$10$ElvLKMqZFRz.10B5QLOq8u.4IUvWPf8nyjrQIWTqigNb1mQzHSNca', `last_ip` = '0:0:0:0:0:0:0:1', `creation_date` = 2025-09-03 11:52:10.753, `last_seen` = 2025-09-08 16:42:40.138, `email` = null, `discord` = null, `settings` = '{"settings":[{"value":"survival","key":"last-server"},{"value":"en","key":"language"}],"version":0}' WHERE `ai` = 2" (applied to [last_seen, settings] columns)
[2025/09/08 16:51:04]: §3[nLogin] [DEBUG] [SQLite] [UPDATE]: "UPDATE `nlogin` SET `last_name` = 'syncronized', `unique_id` = 4fa24d66b50b3b99963741e1e51e18ff,  `mojang_id` = null,  `bedrock_id` = null,  `password` = '$2a$10$ElvLKMqZFRz.10B5QLOq8u.4IUvWPf8nyjrQIWTqigNb1mQzHSNca', `last_ip` = '0:0:0:0:0:0:0:1', `creation_date` = 2025-09-03 11:52:10.753, `last_seen` = 2025-09-08 16:51:04.078, `email` = null, `discord` = null, `settings` = '{"settings":[{"value":"survival","key":"last-server"},{"value":"en","key":"language"}],"version":0}' WHERE `ai` = 2" (applied to [last_ip, last_seen, settings] columns)
[2025/09/08 16:51:04]: [nLogin] The user syncronized has successfully logged in.
[2025/09/08 16:53:08]: §3[nLogin] [DEBUG] [SQLite] [UPDATE]: "UPDATE `nlogin` SET `last_name` = 'syncronized', `unique_id` = 4fa24d66b50b3b99963741e1e51e18ff,  `mojang_id` = null,  `bedrock_id` = null,  `password` = '$2a$10$ElvLKMqZFRz.10B5QLOq8u.4IUvWPf8nyjrQIWTqigNb1mQzHSNca', `last_ip` = '0:0:0:0:0:0:0:1', `creation_date` = 2025-09-03 11:52:10.753, `last_seen` = 2025-09-08 16:53:08.297, `email` = null, `discord` = null, `settings` = '{"settings":[{"value":"survival","key":"last-server"},{"value":"en","key":"language"}],"version":0}' WHERE `ai` = 2" (applied to [last_seen, settings] columns)
[2025/09/08 17:27:22]: §3[nLogin] [DEBUG] [SQLite] [UPDATE]: "UPDATE `nlogin` SET `last_name` = 'syncronized', `unique_id` = 4fa24d66b50b3b99963741e1e51e18ff,  `mojang_id` = null,  `bedrock_id` = null,  `password` = '$2a$10$ElvLKMqZFRz.10B5QLOq8u.4IUvWPf8nyjrQIWTqigNb1mQzHSNca', `last_ip` = '0:0:0:0:0:0:0:1', `creation_date` = 2025-09-03 11:52:10.753, `last_seen` = 2025-09-08 17:27:22.204, `email` = null, `discord` = null, `settings` = '{"settings":[{"value":"survival","key":"last-server"},{"value":"en","key":"language"}],"version":0}' WHERE `ai` = 2" (applied to [last_ip, last_seen, settings] columns)
[2025/09/08 17:27:22]: [nLogin] The user syncronized has successfully logged in.
[2025/09/08 17:31:59]: §3[nLogin] [DEBUG] [SQLite] [UPDATE]: "UPDATE `nlogin` SET `last_name` = 'syncronized', `unique_id` = 4fa24d66b50b3b99963741e1e51e18ff,  `mojang_id` = null,  `bedrock_id` = null,  `password` = '$2a$10$ElvLKMqZFRz.10B5QLOq8u.4IUvWPf8nyjrQIWTqigNb1mQzHSNca', `last_ip` = '0:0:0:0:0:0:0:1', `creation_date` = 2025-09-03 11:52:10.753, `last_seen` = 2025-09-08 17:31:59.254, `email` = null, `discord` = null, `settings` = '{"settings":[{"value":"auth","key":"last-server"},{"value":"en","key":"language"}],"version":0}' WHERE `ai` = 2" (applied to [last_seen, settings] columns)
[2025/09/08 18:01:34]: §3[nLogin] [DEBUG] [SQLite] [UPDATE]: "UPDATE `nlogin` SET `last_name` = 'syncronized', `unique_id` = 4fa24d66b50b3b99963741e1e51e18ff,  `mojang_id` = null,  `bedrock_id` = null,  `password` = '$2a$10$ElvLKMqZFRz.10B5QLOq8u.4IUvWPf8nyjrQIWTqigNb1mQzHSNca', `last_ip` = '0:0:0:0:0:0:0:1', `creation_date` = 2025-09-03 11:52:10.753, `last_seen` = 2025-09-08 18:01:34.54, `email` = null, `discord` = null, `settings` = '{"settings":[{"value":"auth","key":"last-server"},{"value":"en","key":"language"}],"version":0}' WHERE `ai` = 2" (applied to [last_ip, last_seen, settings] columns)
[2025/09/08 18:01:34]: [nLogin] The user syncronized has successfully logged in.
[2025/09/08 18:03:33]: §3[nLogin] [DEBUG] [SQLite] [UPDATE]: "UPDATE `nlogin` SET `last_name` = 'syncronized', `unique_id` = 4fa24d66b50b3b99963741e1e51e18ff,  `mojang_id` = null,  `bedrock_id` = null,  `password` = '$2a$10$ElvLKMqZFRz.10B5QLOq8u.4IUvWPf8nyjrQIWTqigNb1mQzHSNca', `last_ip` = '0:0:0:0:0:0:0:1', `creation_date` = 2025-09-03 11:52:10.753, `last_seen` = 2025-09-08 18:03:33.361, `email` = null, `discord` = null, `settings` = '{"settings":[{"value":"survival","key":"last-server"},{"value":"en","key":"language"}],"version":0}' WHERE `ai` = 2" (applied to [last_seen, settings] columns)
[2025/09/08 19:39:14]: §3[nLogin] [DEBUG] [SQLite] [UPDATE]: "UPDATE `nlogin` SET `last_name` = 'syncronized', `unique_id` = 4fa24d66b50b3b99963741e1e51e18ff,  `mojang_id` = null,  `bedrock_id` = null,  `password` = '$2a$10$ElvLKMqZFRz.10B5QLOq8u.4IUvWPf8nyjrQIWTqigNb1mQzHSNca', `last_ip` = '0:0:0:0:0:0:0:1', `creation_date` = 2025-09-03 11:52:10.753, `last_seen` = 2025-09-08 19:39:14.33, `email` = null, `discord` = null, `settings` = '{"settings":[{"value":"survival","key":"last-server"},{"value":"en","key":"language"}],"version":0}' WHERE `ai` = 2" (applied to [last_ip, last_seen, settings] columns)
[2025/09/08 19:39:14]: [nLogin] The user syncronized has successfully logged in.
[2025/09/08 19:51:52]: §3[nLogin] [DEBUG] [SQLite] [UPDATE]: "UPDATE `nlogin` SET `last_name` = 'syncronized', `unique_id` = 4fa24d66b50b3b99963741e1e51e18ff,  `mojang_id` = null,  `bedrock_id` = null,  `password` = '$2a$10$ElvLKMqZFRz.10B5QLOq8u.4IUvWPf8nyjrQIWTqigNb1mQzHSNca', `last_ip` = '0:0:0:0:0:0:0:1', `creation_date` = 2025-09-03 11:52:10.753, `last_seen` = 2025-09-08 19:51:52.479, `email` = null, `discord` = null, `settings` = '{"settings":[{"value":"survival","key":"last-server"},{"value":"en","key":"language"}],"version":0}' WHERE `ai` = 2" (applied to [last_seen, settings] columns)
[2025/09/08 19:52:03]: [nLogin] Successful plugin core shutdown (took 0.00s)
