[2025/09/03 11:50:14]: §9          __             _       
[2025/09/03 11:50:14]: §9  _ __   / /  ___   __ _(_)_ __  
[2025/09/03 11:50:14]: §9 | '_ \ / /  / _ \ / _` | | '_ \ 
[2025/09/03 11:50:14]: §9 | | | / /__| (_) | (_| | | | | |
[2025/09/03 11:50:14]: §9 |_| |_\____/\___/ \__, |_|_| |_|
[2025/09/03 11:50:14]: §9                  |___/            
[2025/09/03 11:50:14]: §9 By: www.nickuc.com - V 10.4.23 DEVELOPMENT
[2025/09/03 11:50:14]: §9 
[2025/09/03 11:50:15]: §3[nLogin] [DEBUG] All settings were loaded in 503 ms.
[2025/09/03 11:50:15]: §3[nLogin] [DEBUG] Loading the messages_en.yml message file...
[2025/09/03 11:50:15]: §3[nLogin] [DEBUG] All plugin messages were loaded in 139 ms (languageByClient=false).
[2025/09/03 11:50:15]: §3[nLogin] [DEBUG] All proxy settings were loaded in 24 ms.
[2025/09/03 11:50:15]: §3[nLogin] [DEBUG] Loading database...
[2025/09/03 11:50:15]: §3[nLogin] [DEBUG] Starting logger filter...
[2025/09/03 11:50:21]: 
[2025/09/03 11:50:21]:  §bThank you so much for choosing nLogin! §4<3
[2025/09/03 11:50:21]: 
[2025/09/03 11:50:21]:  §4For your safety, please read the message below:
[2025/09/03 11:50:21]:   §cNever download nLogin from unknown sources.
[2025/09/03 11:50:21]:   §cA modified version may contain malicious software.
[2025/09/03 11:50:21]: 
[2025/09/03 11:50:21]:  §3Trusted sources:
[2025/09/03 11:50:21]:   §bwww.nickuc.com
[2025/09/03 11:50:21]:   §bwww.github.com/nickuc
[2025/09/03 11:50:21]:   §bOpeNLogin installer (from Spigot or GitHub)
[2025/09/03 11:50:21]: 
[2025/09/03 11:50:21]:  §3Official support channels:
[2025/09/03 11:50:21]:   §bDiscord group: §fwww.nickuc.com/discord
[2025/09/03 11:50:21]:   §bDocumentation: §fdocs.nickuc.com/nlogin/
[2025/09/03 11:50:21]:   §bEmail: §fsupport@nickuc.com
[2025/09/03 11:50:21]:   §bYouTube: §fyoutube.com/nickuc
[2025/09/03 11:50:21]: 
[2025/09/03 11:50:21]:  §eTo remove this warning, log in with "nlogin.admin" permission on the server
[2025/09/03 11:50:21]:  §eand click the "Setup plugin" button to configure your plugin.
[2025/09/03 11:50:21]: 
[2025/09/03 11:52:10]: §3[nLogin] [DEBUG] [SQLite] [UPDATE]: "INSERT INTO `nlogin` (`last_name`, `unique_id`, `mojang_id`, `bedrock_id`, `password`, `last_ip`, `creation_date`, `last_seen`, `email`, `discord`, `settings`) VALUES ('syncronized', 4fa24d66b50b3b99963741e1e51e18ff, null, null, '$2a$10$ElvLKMqZFRz.10B5QLOq8u.4IUvWPf8nyjrQIWTqigNb1mQzHSNca', '0:0:0:0:0:0:0:1', '2025-09-03 11:52:10.753', '2025-09-03 11:52:10.753', null, null, '{"settings":[{"value":true,"key":"force-invalid-session"}],"version":0}')" (applied to all columns)
[2025/09/03 11:52:10]: [nLogin] The user syncronized has successfully registered.
[2025/09/03 12:05:23]: §3[nLogin] [DEBUG] [SQLite] [UPDATE]: "UPDATE `nlogin` SET `last_name` = 'syncronized', `unique_id` = 4fa24d66b50b3b99963741e1e51e18ff,  `mojang_id` = null,  `bedrock_id` = null,  `password` = '$2a$10$ElvLKMqZFRz.10B5QLOq8u.4IUvWPf8nyjrQIWTqigNb1mQzHSNca', `last_ip` = '0:0:0:0:0:0:0:1', `creation_date` = 2025-09-03 11:52:10.753, `last_seen` = 2025-09-03 12:05:23.208, `email` = null, `discord` = null, `settings` = '{"settings":[{"value":true,"key":"force-invalid-session"},{"value":"survival","key":"last-server"},{"value":"en","key":"language"}],"version":0}' WHERE `ai` = 2" (applied to [last_seen, settings] columns)
[2025/09/03 12:31:48]: §3[nLogin] [DEBUG] [SQLite] [UPDATE]: "UPDATE `nlogin` SET `last_name` = 'syncronized', `unique_id` = 4fa24d66b50b3b99963741e1e51e18ff,  `mojang_id` = null,  `bedrock_id` = null,  `password` = '$2a$10$ElvLKMqZFRz.10B5QLOq8u.4IUvWPf8nyjrQIWTqigNb1mQzHSNca', `last_ip` = '0:0:0:0:0:0:0:1', `creation_date` = 2025-09-03 11:52:10.753, `last_seen` = 2025-09-03 12:31:48.479, `email` = null, `discord` = null, `settings` = '{"settings":[{"value":"survival","key":"last-server"},{"value":"en","key":"language"}],"version":0}' WHERE `ai` = 2" (applied to [last_ip, last_seen, settings] columns)
[2025/09/03 12:31:48]: [nLogin] The user syncronized has successfully logged in.
[2025/09/03 13:00:44]: §3[nLogin] [DEBUG] [SQLite] [UPDATE]: "UPDATE `nlogin` SET `last_name` = 'syncronized', `unique_id` = 4fa24d66b50b3b99963741e1e51e18ff,  `mojang_id` = null,  `bedrock_id` = null,  `password` = '$2a$10$ElvLKMqZFRz.10B5QLOq8u.4IUvWPf8nyjrQIWTqigNb1mQzHSNca', `last_ip` = '0:0:0:0:0:0:0:1', `creation_date` = 2025-09-03 11:52:10.753, `last_seen` = 2025-09-03 13:00:44.954, `email` = null, `discord` = null, `settings` = '{"settings":[{"value":"survival","key":"last-server"},{"value":"en","key":"language"}],"version":0}' WHERE `ai` = 2" (applied to [last_seen, settings] columns)
[2025/09/03 13:05:21]: §3[nLogin] [DEBUG] [SQLite] [UPDATE]: "UPDATE `nlogin` SET `last_name` = 'syncronized', `unique_id` = 4fa24d66b50b3b99963741e1e51e18ff,  `mojang_id` = null,  `bedrock_id` = null,  `password` = '$2a$10$ElvLKMqZFRz.10B5QLOq8u.4IUvWPf8nyjrQIWTqigNb1mQzHSNca', `last_ip` = '0:0:0:0:0:0:0:1', `creation_date` = 2025-09-03 11:52:10.753, `last_seen` = 2025-09-03 13:05:21.681, `email` = null, `discord` = null, `settings` = '{"settings":[{"value":"survival","key":"last-server"},{"value":"en","key":"language"}],"version":0}' WHERE `ai` = 2" (applied to [last_ip, last_seen, settings] columns)
[2025/09/03 13:05:21]: [nLogin] The user syncronized has successfully logged in.
[2025/09/03 13:08:42]: §3[nLogin] [DEBUG] [SQLite] [UPDATE]: "UPDATE `nlogin` SET `last_name` = 'syncronized', `unique_id` = 4fa24d66b50b3b99963741e1e51e18ff,  `mojang_id` = null,  `bedrock_id` = null,  `password` = '$2a$10$ElvLKMqZFRz.10B5QLOq8u.4IUvWPf8nyjrQIWTqigNb1mQzHSNca', `last_ip` = '0:0:0:0:0:0:0:1', `creation_date` = 2025-09-03 11:52:10.753, `last_seen` = 2025-09-03 13:08:42.725, `email` = null, `discord` = null, `settings` = '{"settings":[{"value":"survival","key":"last-server"},{"value":"en","key":"language"}],"version":0}' WHERE `ai` = 2" (applied to [last_seen, settings] columns)
[2025/09/03 13:17:26]: §3[nLogin] [DEBUG] [SQLite] [UPDATE]: "UPDATE `nlogin` SET `last_name` = 'syncronized', `unique_id` = 4fa24d66b50b3b99963741e1e51e18ff,  `mojang_id` = null,  `bedrock_id` = null,  `password` = '$2a$10$ElvLKMqZFRz.10B5QLOq8u.4IUvWPf8nyjrQIWTqigNb1mQzHSNca', `last_ip` = '0:0:0:0:0:0:0:1', `creation_date` = 2025-09-03 11:52:10.753, `last_seen` = 2025-09-03 13:17:26.059, `email` = null, `discord` = null, `settings` = '{"settings":[{"value":"survival","key":"last-server"},{"value":"en","key":"language"}],"version":0}' WHERE `ai` = 2" (applied to [last_ip, last_seen, settings] columns)
[2025/09/03 13:17:26]: [nLogin] The user syncronized has successfully logged in.
[2025/09/03 13:27:38]: §3[nLogin] [DEBUG] [SQLite] [UPDATE]: "UPDATE `nlogin` SET `last_name` = 'syncronized', `unique_id` = 4fa24d66b50b3b99963741e1e51e18ff,  `mojang_id` = null,  `bedrock_id` = null,  `password` = '$2a$10$ElvLKMqZFRz.10B5QLOq8u.4IUvWPf8nyjrQIWTqigNb1mQzHSNca', `last_ip` = '0:0:0:0:0:0:0:1', `creation_date` = 2025-09-03 11:52:10.753, `last_seen` = 2025-09-03 13:27:38.764, `email` = null, `discord` = null, `settings` = '{"settings":[{"value":"survival","key":"last-server"},{"value":"en","key":"language"}],"version":0}' WHERE `ai` = 2" (applied to [last_seen, settings] columns)
[2025/09/03 13:28:19]: §3[nLogin] [DEBUG] [SQLite] [UPDATE]: "UPDATE `nlogin` SET `last_name` = 'syncronized', `unique_id` = 4fa24d66b50b3b99963741e1e51e18ff,  `mojang_id` = null,  `bedrock_id` = null,  `password` = '$2a$10$ElvLKMqZFRz.10B5QLOq8u.4IUvWPf8nyjrQIWTqigNb1mQzHSNca', `last_ip` = '0:0:0:0:0:0:0:1', `creation_date` = 2025-09-03 11:52:10.753, `last_seen` = 2025-09-03 13:28:19.243, `email` = null, `discord` = null, `settings` = '{"settings":[{"value":"survival","key":"last-server"},{"value":"en","key":"language"}],"version":0}' WHERE `ai` = 2" (applied to [last_ip, last_seen, settings] columns)
[2025/09/03 13:28:19]: [nLogin] The user syncronized has successfully logged in.
[2025/09/03 13:54:04]: §3[nLogin] [DEBUG] [SQLite] [UPDATE]: "UPDATE `nlogin` SET `last_name` = 'syncronized', `unique_id` = 4fa24d66b50b3b99963741e1e51e18ff,  `mojang_id` = null,  `bedrock_id` = null,  `password` = '$2a$10$ElvLKMqZFRz.10B5QLOq8u.4IUvWPf8nyjrQIWTqigNb1mQzHSNca', `last_ip` = '0:0:0:0:0:0:0:1', `creation_date` = 2025-09-03 11:52:10.753, `last_seen` = 2025-09-03 13:54:04.829, `email` = null, `discord` = null, `settings` = '{"settings":[{"value":"survival","key":"last-server"},{"value":"en","key":"language"}],"version":0}' WHERE `ai` = 2" (applied to [last_seen, settings] columns)
[2025/09/03 14:19:29]: §3[nLogin] [DEBUG] [SQLite] [UPDATE]: "UPDATE `nlogin` SET `last_name` = 'syncronized', `unique_id` = 4fa24d66b50b3b99963741e1e51e18ff,  `mojang_id` = null,  `bedrock_id` = null,  `password` = '$2a$10$ElvLKMqZFRz.10B5QLOq8u.4IUvWPf8nyjrQIWTqigNb1mQzHSNca', `last_ip` = '0:0:0:0:0:0:0:1', `creation_date` = 2025-09-03 11:52:10.753, `last_seen` = 2025-09-03 14:19:29.066, `email` = null, `discord` = null, `settings` = '{"settings":[{"value":"survival","key":"last-server"},{"value":"en","key":"language"}],"version":0}' WHERE `ai` = 2" (applied to [last_ip, last_seen, settings] columns)
[2025/09/03 14:19:29]: [nLogin] The user syncronized has successfully logged in.
[2025/09/03 14:44:11]: §3[nLogin] [DEBUG] [SQLite] [UPDATE]: "UPDATE `nlogin` SET `last_name` = 'syncronized', `unique_id` = 4fa24d66b50b3b99963741e1e51e18ff,  `mojang_id` = null,  `bedrock_id` = null,  `password` = '$2a$10$ElvLKMqZFRz.10B5QLOq8u.4IUvWPf8nyjrQIWTqigNb1mQzHSNca', `last_ip` = '0:0:0:0:0:0:0:1', `creation_date` = 2025-09-03 11:52:10.753, `last_seen` = 2025-09-03 14:44:11.752, `email` = null, `discord` = null, `settings` = '{"settings":[{"value":"survival","key":"last-server"},{"value":"en","key":"language"}],"version":0}' WHERE `ai` = 2" (applied to [last_seen, settings] columns)
[2025/09/03 15:56:42]: §3[nLogin] [DEBUG] [SQLite] [UPDATE]: "UPDATE `nlogin` SET `last_name` = 'syncronized', `unique_id` = 4fa24d66b50b3b99963741e1e51e18ff,  `mojang_id` = null,  `bedrock_id` = null,  `password` = '$2a$10$ElvLKMqZFRz.10B5QLOq8u.4IUvWPf8nyjrQIWTqigNb1mQzHSNca', `last_ip` = '0:0:0:0:0:0:0:1', `creation_date` = 2025-09-03 11:52:10.753, `last_seen` = 2025-09-03 15:56:42.288, `email` = null, `discord` = null, `settings` = '{"settings":[{"value":"survival","key":"last-server"},{"value":"en","key":"language"}],"version":0}' WHERE `ai` = 2" (applied to [last_ip, last_seen, settings] columns)
[2025/09/03 15:56:42]: [nLogin] The user syncronized has successfully logged in.
[2025/09/03 16:00:39]: §3[nLogin] [DEBUG] [SQLite] [UPDATE]: "UPDATE `nlogin` SET `last_name` = 'syncronized', `unique_id` = 4fa24d66b50b3b99963741e1e51e18ff,  `mojang_id` = null,  `bedrock_id` = null,  `password` = '$2a$10$ElvLKMqZFRz.10B5QLOq8u.4IUvWPf8nyjrQIWTqigNb1mQzHSNca', `last_ip` = '0:0:0:0:0:0:0:1', `creation_date` = 2025-09-03 11:52:10.753, `last_seen` = 2025-09-03 16:00:39.015, `email` = null, `discord` = null, `settings` = '{"settings":[{"value":"survival","key":"last-server"},{"value":"en","key":"language"}],"version":0}' WHERE `ai` = 2" (applied to [last_seen, settings] columns)
[2025/09/03 16:04:05]: §3[nLogin] [DEBUG] [SQLite] [UPDATE]: "UPDATE `nlogin` SET `last_name` = 'syncronized', `unique_id` = 4fa24d66b50b3b99963741e1e51e18ff,  `mojang_id` = null,  `bedrock_id` = null,  `password` = '$2a$10$ElvLKMqZFRz.10B5QLOq8u.4IUvWPf8nyjrQIWTqigNb1mQzHSNca', `last_ip` = '0:0:0:0:0:0:0:1', `creation_date` = 2025-09-03 11:52:10.753, `last_seen` = 2025-09-03 16:04:05.691, `email` = null, `discord` = null, `settings` = '{"settings":[{"value":"survival","key":"last-server"},{"value":"en","key":"language"}],"version":0}' WHERE `ai` = 2" (applied to [last_ip, last_seen, settings] columns)
[2025/09/03 16:04:05]: [nLogin] The user syncronized has successfully logged in.
[2025/09/03 16:10:30]: §3[nLogin] [DEBUG] [SQLite] [UPDATE]: "UPDATE `nlogin` SET `last_name` = 'syncronized', `unique_id` = 4fa24d66b50b3b99963741e1e51e18ff,  `mojang_id` = null,  `bedrock_id` = null,  `password` = '$2a$10$ElvLKMqZFRz.10B5QLOq8u.4IUvWPf8nyjrQIWTqigNb1mQzHSNca', `last_ip` = '0:0:0:0:0:0:0:1', `creation_date` = 2025-09-03 11:52:10.753, `last_seen` = 2025-09-03 16:10:30.292, `email` = null, `discord` = null, `settings` = '{"settings":[{"value":"survival","key":"last-server"},{"value":"en","key":"language"}],"version":0}' WHERE `ai` = 2" (applied to [last_seen, settings] columns)
[2025/09/03 16:19:06]: §3[nLogin] [DEBUG] [SQLite] [UPDATE]: "UPDATE `nlogin` SET `last_name` = 'syncronized', `unique_id` = 4fa24d66b50b3b99963741e1e51e18ff,  `mojang_id` = null,  `bedrock_id` = null,  `password` = '$2a$10$ElvLKMqZFRz.10B5QLOq8u.4IUvWPf8nyjrQIWTqigNb1mQzHSNca', `last_ip` = '0:0:0:0:0:0:0:1', `creation_date` = 2025-09-03 11:52:10.753, `last_seen` = 2025-09-03 16:19:06.606, `email` = null, `discord` = null, `settings` = '{"settings":[{"value":"survival","key":"last-server"},{"value":"en","key":"language"}],"version":0}' WHERE `ai` = 2" (applied to [last_ip, last_seen, settings] columns)
[2025/09/03 16:19:06]: [nLogin] The user syncronized has successfully logged in.
[2025/09/03 17:02:32]: §3[nLogin] [DEBUG] [SQLite] [UPDATE]: "UPDATE `nlogin` SET `last_name` = 'syncronized', `unique_id` = 4fa24d66b50b3b99963741e1e51e18ff,  `mojang_id` = null,  `bedrock_id` = null,  `password` = '$2a$10$ElvLKMqZFRz.10B5QLOq8u.4IUvWPf8nyjrQIWTqigNb1mQzHSNca', `last_ip` = '0:0:0:0:0:0:0:1', `creation_date` = 2025-09-03 11:52:10.753, `last_seen` = 2025-09-03 17:02:32.44, `email` = null, `discord` = null, `settings` = '{"settings":[{"value":"survival","key":"last-server"},{"value":"en","key":"language"}],"version":0}' WHERE `ai` = 2" (applied to [last_seen, settings] columns)
[2025/09/03 17:11:35]: §3[nLogin] [DEBUG] [SQLite] [UPDATE]: "UPDATE `nlogin` SET `last_name` = 'syncronized', `unique_id` = 4fa24d66b50b3b99963741e1e51e18ff,  `mojang_id` = null,  `bedrock_id` = null,  `password` = '$2a$10$ElvLKMqZFRz.10B5QLOq8u.4IUvWPf8nyjrQIWTqigNb1mQzHSNca', `last_ip` = '0:0:0:0:0:0:0:1', `creation_date` = 2025-09-03 11:52:10.753, `last_seen` = 2025-09-03 17:11:35.6, `email` = null, `discord` = null, `settings` = '{"settings":[{"value":"survival","key":"last-server"},{"value":"en","key":"language"}],"version":0}' WHERE `ai` = 2" (applied to [last_ip, last_seen, settings] columns)
[2025/09/03 17:11:35]: [nLogin] The user syncronized has successfully logged in.
[2025/09/03 17:50:57]: §3[nLogin] [DEBUG] [SQLite] [UPDATE]: "UPDATE `nlogin` SET `last_name` = 'syncronized', `unique_id` = 4fa24d66b50b3b99963741e1e51e18ff,  `mojang_id` = null,  `bedrock_id` = null,  `password` = '$2a$10$ElvLKMqZFRz.10B5QLOq8u.4IUvWPf8nyjrQIWTqigNb1mQzHSNca', `last_ip` = '0:0:0:0:0:0:0:1', `creation_date` = 2025-09-03 11:52:10.753, `last_seen` = 2025-09-03 17:50:57.262, `email` = null, `discord` = null, `settings` = '{"settings":[{"value":"survival","key":"last-server"},{"value":"en","key":"language"}],"version":0}' WHERE `ai` = 2" (applied to [last_seen, settings] columns)
[2025/09/03 18:30:19]: §3[nLogin] [DEBUG] [SQLite] [UPDATE]: "UPDATE `nlogin` SET `last_name` = 'syncronized', `unique_id` = 4fa24d66b50b3b99963741e1e51e18ff,  `mojang_id` = null,  `bedrock_id` = null,  `password` = '$2a$10$ElvLKMqZFRz.10B5QLOq8u.4IUvWPf8nyjrQIWTqigNb1mQzHSNca', `last_ip` = '0:0:0:0:0:0:0:1', `creation_date` = 2025-09-03 11:52:10.753, `last_seen` = 2025-09-03 18:30:19.922, `email` = null, `discord` = null, `settings` = '{"settings":[{"value":"survival","key":"last-server"},{"value":"en","key":"language"}],"version":0}' WHERE `ai` = 2" (applied to [last_ip, last_seen, settings] columns)
[2025/09/03 18:30:19]: [nLogin] The user syncronized has successfully logged in.
[2025/09/03 18:30:34]: §3[nLogin] [DEBUG] [SQLite] [UPDATE]: "UPDATE `nlogin` SET `last_name` = 'syncronized', `unique_id` = 4fa24d66b50b3b99963741e1e51e18ff,  `mojang_id` = null,  `bedrock_id` = null,  `password` = '$2a$10$ElvLKMqZFRz.10B5QLOq8u.4IUvWPf8nyjrQIWTqigNb1mQzHSNca', `last_ip` = '0:0:0:0:0:0:0:1', `creation_date` = 2025-09-03 11:52:10.753, `last_seen` = 2025-09-03 18:30:34.497, `email` = null, `discord` = null, `settings` = '{"settings":[{"value":"auth","key":"last-server"},{"value":"en","key":"language"}],"version":0}' WHERE `ai` = 2" (applied to [last_seen, settings] columns)
[2025/09/03 18:42:40]: §3[nLogin] [DEBUG] [SQLite] [UPDATE]: "UPDATE `nlogin` SET `last_name` = 'syncronized', `unique_id` = 4fa24d66b50b3b99963741e1e51e18ff,  `mojang_id` = null,  `bedrock_id` = null,  `password` = '$2a$10$ElvLKMqZFRz.10B5QLOq8u.4IUvWPf8nyjrQIWTqigNb1mQzHSNca', `last_ip` = '0:0:0:0:0:0:0:1', `creation_date` = 2025-09-03 11:52:10.753, `last_seen` = 2025-09-03 18:42:40.582, `email` = null, `discord` = null, `settings` = '{"settings":[{"value":"auth","key":"last-server"},{"value":"en","key":"language"}],"version":0}' WHERE `ai` = 2" (applied to [last_ip, last_seen, settings] columns)
[2025/09/03 18:42:40]: [nLogin] The user syncronized has successfully logged in.
[2025/09/03 18:46:13]: §3[nLogin] [DEBUG] [SQLite] [UPDATE]: "UPDATE `nlogin` SET `last_name` = 'syncronized', `unique_id` = 4fa24d66b50b3b99963741e1e51e18ff,  `mojang_id` = null,  `bedrock_id` = null,  `password` = '$2a$10$ElvLKMqZFRz.10B5QLOq8u.4IUvWPf8nyjrQIWTqigNb1mQzHSNca', `last_ip` = '0:0:0:0:0:0:0:1', `creation_date` = 2025-09-03 11:52:10.753, `last_seen` = 2025-09-03 18:46:13.163, `email` = null, `discord` = null, `settings` = '{"settings":[{"value":"survival","key":"last-server"},{"value":"en","key":"language"}],"version":0}' WHERE `ai` = 2" (applied to [last_seen, settings] columns)
