[2025/09/04 11:56:36]: §9          __             _       
[2025/09/04 11:56:36]: §9  _ __   / /  ___   __ _(_)_ __  
[2025/09/04 11:56:36]: §9 | '_ \ / /  / _ \ / _` | | '_ \ 
[2025/09/04 11:56:36]: §9 | | | / /__| (_) | (_| | | | | |
[2025/09/04 11:56:36]: §9 |_| |_\____/\___/ \__, |_|_| |_|
[2025/09/04 11:56:36]: §9                  |___/            
[2025/09/04 11:56:36]: §9 By: www.nickuc.com - V 10.4.23 DEVELOPMENT
[2025/09/04 11:56:36]: §9 
[2025/09/04 11:56:37]: §3[nLogin] [DEBUG] All settings were loaded in 477 ms.
[2025/09/04 11:56:37]: §3[nLogin] [DEBUG] Loading the messages_en.yml message file...
[2025/09/04 11:56:37]: §3[nLogin] [DEBUG] All plugin messages were loaded in 178 ms (languageByClient=false).
[2025/09/04 11:56:37]: §3[nLogin] [DEBUG] All proxy settings were loaded in 22 ms.
[2025/09/04 11:56:37]: §3[nLogin] [DEBUG] Loading database...
[2025/09/04 11:56:38]: §3[nLogin] [DEBUG] Starting logger filter...
[2025/09/04 11:56:43]: 
[2025/09/04 11:56:43]:  §bThank you so much for choosing nLogin! §4<3
[2025/09/04 11:56:43]: 
[2025/09/04 11:56:43]:  §4For your safety, please read the message below:
[2025/09/04 11:56:43]:   §cNever download nLogin from unknown sources.
[2025/09/04 11:56:43]:   §cA modified version may contain malicious software.
[2025/09/04 11:56:43]: 
[2025/09/04 11:56:43]:  §3Trusted sources:
[2025/09/04 11:56:43]:   §bwww.nickuc.com
[2025/09/04 11:56:43]:   §bwww.github.com/nickuc
[2025/09/04 11:56:43]:   §bOpeNLogin installer (from Spigot or GitHub)
[2025/09/04 11:56:43]: 
[2025/09/04 11:56:43]:  §3Official support channels:
[2025/09/04 11:56:43]:   §bDiscord group: §fwww.nickuc.com/discord
[2025/09/04 11:56:43]:   §bDocumentation: §fdocs.nickuc.com/nlogin/
[2025/09/04 11:56:43]:   §bEmail: §fsupport@nickuc.com
[2025/09/04 11:56:43]:   §bYouTube: §fyoutube.com/nickuc
[2025/09/04 11:56:43]: 
[2025/09/04 11:56:43]:  §eTo remove this warning, log in with "nlogin.admin" permission on the server
[2025/09/04 11:56:43]:  §eand click the "Setup plugin" button to configure your plugin.
[2025/09/04 11:56:43]: 
[2025/09/04 11:57:24]: §3[nLogin] [DEBUG] [SQLite] [UPDATE]: "UPDATE `nlogin` SET `last_name` = 'syncronized', `unique_id` = 4fa24d66b50b3b99963741e1e51e18ff,  `mojang_id` = null,  `bedrock_id` = null,  `password` = '$2a$10$ElvLKMqZFRz.10B5QLOq8u.4IUvWPf8nyjrQIWTqigNb1mQzHSNca', `last_ip` = '0:0:0:0:0:0:0:1', `creation_date` = 2025-09-03 11:52:10.753, `last_seen` = 2025-09-04 11:57:24.395, `email` = null, `discord` = null, `settings` = '{"settings":[{"value":"survival","key":"last-server"},{"value":"en","key":"language"}],"version":0}' WHERE `ai` = 2" (applied to [last_ip, last_seen, settings] columns)
[2025/09/04 11:57:24]: [nLogin] The user syncronized has successfully logged in.
[2025/09/04 12:00:19]: §3[nLogin] [DEBUG] [SQLite] [UPDATE]: "UPDATE `nlogin` SET `last_name` = 'syncronized', `unique_id` = 4fa24d66b50b3b99963741e1e51e18ff,  `mojang_id` = null,  `bedrock_id` = null,  `password` = '$2a$10$ElvLKMqZFRz.10B5QLOq8u.4IUvWPf8nyjrQIWTqigNb1mQzHSNca', `last_ip` = '0:0:0:0:0:0:0:1', `creation_date` = 2025-09-03 11:52:10.753, `last_seen` = 2025-09-04 12:00:19.756, `email` = null, `discord` = null, `settings` = '{"settings":[{"value":"auth","key":"last-server"},{"value":"en","key":"language"}],"version":0}' WHERE `ai` = 2" (applied to [last_seen, settings] columns)
[2025/09/04 12:01:22]: §3[nLogin] [DEBUG] [SQLite] [UPDATE]: "UPDATE `nlogin` SET `last_name` = 'syncronized', `unique_id` = 4fa24d66b50b3b99963741e1e51e18ff,  `mojang_id` = null,  `bedrock_id` = null,  `password` = '$2a$10$ElvLKMqZFRz.10B5QLOq8u.4IUvWPf8nyjrQIWTqigNb1mQzHSNca', `last_ip` = '0:0:0:0:0:0:0:1', `creation_date` = 2025-09-03 11:52:10.753, `last_seen` = 2025-09-04 12:01:22.223, `email` = null, `discord` = null, `settings` = '{"settings":[{"value":"auth","key":"last-server"},{"value":"en","key":"language"}],"version":0}' WHERE `ai` = 2" (applied to [last_ip, last_seen, settings] columns)
[2025/09/04 12:01:22]: [nLogin] The user syncronized has successfully logged in.
[2025/09/04 12:05:12]: §3[nLogin] [DEBUG] [SQLite] [UPDATE]: "UPDATE `nlogin` SET `last_name` = 'syncronized', `unique_id` = 4fa24d66b50b3b99963741e1e51e18ff,  `mojang_id` = null,  `bedrock_id` = null,  `password` = '$2a$10$ElvLKMqZFRz.10B5QLOq8u.4IUvWPf8nyjrQIWTqigNb1mQzHSNca', `last_ip` = '0:0:0:0:0:0:0:1', `creation_date` = 2025-09-03 11:52:10.753, `last_seen` = 2025-09-04 12:05:12.137, `email` = null, `discord` = null, `settings` = '{"settings":[{"value":"survival","key":"last-server"},{"value":"en","key":"language"}],"version":0}' WHERE `ai` = 2" (applied to [last_seen, settings] columns)
[2025/09/04 13:59:06]: §3[nLogin] [DEBUG] [SQLite] [UPDATE]: "UPDATE `nlogin` SET `last_name` = 'syncronized', `unique_id` = 4fa24d66b50b3b99963741e1e51e18ff,  `mojang_id` = null,  `bedrock_id` = null,  `password` = '$2a$10$ElvLKMqZFRz.10B5QLOq8u.4IUvWPf8nyjrQIWTqigNb1mQzHSNca', `last_ip` = '0:0:0:0:0:0:0:1', `creation_date` = 2025-09-03 11:52:10.753, `last_seen` = 2025-09-04 13:59:06.183, `email` = null, `discord` = null, `settings` = '{"settings":[{"value":"survival","key":"last-server"},{"value":"en","key":"language"}],"version":0}' WHERE `ai` = 2" (applied to [last_ip, last_seen, settings] columns)
[2025/09/04 13:59:06]: [nLogin] The user syncronized has successfully logged in.
[2025/09/04 14:02:09]: §3[nLogin] [DEBUG] [SQLite] [UPDATE]: "UPDATE `nlogin` SET `last_name` = 'syncronized', `unique_id` = 4fa24d66b50b3b99963741e1e51e18ff,  `mojang_id` = null,  `bedrock_id` = null,  `password` = '$2a$10$ElvLKMqZFRz.10B5QLOq8u.4IUvWPf8nyjrQIWTqigNb1mQzHSNca', `last_ip` = '0:0:0:0:0:0:0:1', `creation_date` = 2025-09-03 11:52:10.753, `last_seen` = 2025-09-04 14:02:09.569, `email` = null, `discord` = null, `settings` = '{"settings":[{"value":"survival","key":"last-server"},{"value":"en","key":"language"}],"version":0}' WHERE `ai` = 2" (applied to [last_seen, settings] columns)
[2025/09/04 14:02:38]: [nLogin] Successful plugin core shutdown (took 0.00s)
