[2025/09/08 02:05:16]: §9          __             _       
[2025/09/08 02:05:16]: §9  _ __   / /  ___   __ _(_)_ __  
[2025/09/08 02:05:16]: §9 | '_ \ / /  / _ \ / _` | | '_ \ 
[2025/09/08 02:05:16]: §9 | | | / /__| (_) | (_| | | | | |
[2025/09/08 02:05:16]: §9 |_| |_\____/\___/ \__, |_|_| |_|
[2025/09/08 02:05:16]: §9                  |___/            
[2025/09/08 02:05:16]: §9 By: www.nickuc.com - V 10.4.23 DEVELOPMENT
[2025/09/08 02:05:16]: §9 
[2025/09/08 02:05:17]: §3[nLogin] [DEBUG] All settings were loaded in 303 ms.
[2025/09/08 02:05:17]: §3[nLogin] [DEBUG] Loading the messages_en.yml message file...
[2025/09/08 02:05:17]: §3[nLogin] [DEBUG] All plugin messages were loaded in 110 ms (languageByClient=false).
[2025/09/08 02:05:17]: §3[nLogin] [DEBUG] All proxy settings were loaded in 15 ms.
[2025/09/08 02:05:17]: §3[nLogin] [DEBUG] Loading database...
[2025/09/08 02:05:18]: §3[nLogin] [DEBUG] Starting logger filter...
[2025/09/08 02:05:23]: 
[2025/09/08 02:05:23]:  §bThank you so much for choosing nLogin! §4<3
[2025/09/08 02:05:23]: 
[2025/09/08 02:05:23]:  §4For your safety, please read the message below:
[2025/09/08 02:05:23]:   §cNever download nLogin from unknown sources.
[2025/09/08 02:05:23]:   §cA modified version may contain malicious software.
[2025/09/08 02:05:23]: 
[2025/09/08 02:05:23]:  §3Trusted sources:
[2025/09/08 02:05:23]:   §bwww.nickuc.com
[2025/09/08 02:05:23]:   §bwww.github.com/nickuc
[2025/09/08 02:05:23]:   §bOpeNLogin installer (from Spigot or GitHub)
[2025/09/08 02:05:23]: 
[2025/09/08 02:05:23]:  §3Official support channels:
[2025/09/08 02:05:23]:   §bDiscord group: §fwww.nickuc.com/discord
[2025/09/08 02:05:23]:   §bDocumentation: §fdocs.nickuc.com/nlogin/
[2025/09/08 02:05:23]:   §bEmail: §fsupport@nickuc.com
[2025/09/08 02:05:23]:   §bYouTube: §fyoutube.com/nickuc
[2025/09/08 02:05:23]: 
[2025/09/08 02:05:23]:  §eTo remove this warning, log in with "nlogin.admin" permission on the server
[2025/09/08 02:05:23]:  §eand click the "Setup plugin" button to configure your plugin.
[2025/09/08 02:05:23]: 
[2025/09/08 02:19:22]: [nLogin] Successful plugin core shutdown (took 0.00s)
