[15:56:00] [main/INFO] [com.velocitypowered.proxy.VelocityServer]: Booting up Velocity 3.4.0-SNAPSHOT (git-44bc15db-b512)...
[15:56:00] [main/INFO] [com.velocitypowered.proxy.VelocityServer]: Loading localizations...
[15:56:01] [main/INFO] [com.velocitypowered.proxy.network.ConnectionManager]: Connections will use epoll channels, libdeflate (Linux x86_64) compression, OpenSSL 3.x.x (Linux x86_64) ciphers
[15:56:01] [main/WARN] [com.velocitypowered.proxy.config.VelocityConfiguration]: The proxy is running in offline mode! This is a security risk and you will NOT receive any support!
[15:56:01] [main/WARN] [com.velocitypowered.proxy.config.VelocityConfiguration]: Player info forwarding is disabled! All players will appear to be connecting from the proxy and will have offline-mode UUIDs.
[15:56:02] [main/INFO] [com.velocitypowered.proxy.VelocityServer]: Loading plugins...
[15:56:05] [main/ERROR] [com.velocitypowered.proxy.plugin.VelocityPluginManager]: Unable to load plugin plugins/tuffx.jar
com.velocitypowered.api.plugin.InvalidPluginException: The plugin file tuffx.jar appears to be a Bukkit or BungeeCord plugin. Velocity does not support Bukkit or BungeeCord plugins.
	at com.velocitypowered.proxy.plugin.loader.java.JavaPluginLoader.getSerializedPluginInfo(JavaPluginLoader.java:161) ~[server.jar:3.4.0-SNAPSHOT (git-44bc15db-b512)]
	at com.velocitypowered.proxy.plugin.loader.java.JavaPluginLoader.loadCandidate(JavaPluginLoader.java:62) ~[server.jar:3.4.0-SNAPSHOT (git-44bc15db-b512)]
	at com.velocitypowered.proxy.plugin.VelocityPluginManager.loadPlugins(VelocityPluginManager.java:101) ~[server.jar:3.4.0-SNAPSHOT (git-44bc15db-b512)]
	at com.velocitypowered.proxy.VelocityServer.loadPlugins(VelocityServer.java:433) ~[server.jar:3.4.0-SNAPSHOT (git-44bc15db-b512)]
	at com.velocitypowered.proxy.VelocityServer.start(VelocityServer.java:304) ~[server.jar:3.4.0-SNAPSHOT (git-44bc15db-b512)]
	at com.velocitypowered.proxy.Velocity.main(Velocity.java:76) ~[server.jar:3.4.0-SNAPSHOT (git-44bc15db-b512)]
[15:56:06] [main/INFO] [eaglerxserver]: Loading EaglercraftXServer 1.0.7...
[15:56:06] [main/INFO] [eaglerxserver]: (Platform: Velocity)
[15:56:06] [main/INFO] [eaglerxserver]: Server Name: "EaglercraftXServer"
[15:56:07] [main/INFO] [com.velocitypowered.proxy.plugin.VelocityPluginManager]: Loaded plugin eaglerxserver 1.0.7 by lax1dude
[15:56:07] [main/INFO] [com.velocitypowered.proxy.plugin.VelocityPluginManager]: Loaded plugin eaglerweb 1.0.0 by lax1dude
[15:56:07] [main/INFO] [com.velocitypowered.proxy.plugin.VelocityPluginManager]: Loaded plugin eaglerxrewind-1-5 1.0.2 by lax1dude, ayunami2000
[15:56:08] [main/INFO] [com.velocitypowered.proxy.plugin.VelocityPluginManager]: Loaded plugin nlogin 10.4.23 by NickUC
[15:56:08] [main/INFO] [com.velocitypowered.proxy.VelocityServer]: Loaded 5 plugins
[15:56:08] [EaglercraftXServer - Task Executor #0/WARN] [com.velocitypowered.proxy.network.ConnectionManager]: The server channel initializer has been replaced by java.base/jdk.internal.reflect.DirectMethodHandleAccessor.invoke(DirectMethodHandleAccessor.java:103)
[15:56:08] [EaglercraftXServer - Task Executor #0/INFO] [eaglerxserver]: Enabling EaglercraftXServer 1.0.7...
[15:56:08] [EaglercraftXServer - Task Executor #0/INFO] [eaglerxserver]: Connecting to skin cache database "jdbc:sqlite:eagler_skins_cache.db"...
[15:56:08] [EaglercraftXServer - Task Executor #0/INFO] [eaglerxserver]: Connected to skin cache database successfully!
[15:56:08] [EaglercraftXServer - Task Executor #1/INFO] [eaglerxserver]: Reloaded certificate: /workspaces/eaglercraft-1.21.5-server/velocity/plugins/eaglerxserver/eagcert/$dl.34268c6e7b2a2336a2821b0171d290d6dd455cba.cert
[15:56:08] [EaglercraftXServer - Task Executor #1/WARN] [eaglerxserver]: Update certificate was loaded: $dl.34268c6e7b2a2336a2821b0171d290d6dd455cba.cert
[15:56:08] [EaglercraftXServer - Task Executor #0/INFO] [eaglerweb]: Loading config files...
[15:56:08] [EaglercraftXServer - Task Executor #0/INFO] [eaglerweb]: Indexing pages, please wait...
[15:56:08] [EaglercraftXServer - Task Executor #0/INFO] [eaglerweb]: Indexed 12 pages total!
[15:56:08] [EaglercraftXServer - Task Executor #0/INFO] [eaglerxrewind-1-5]: EaglerXRewind protocol for Eaglercraft 1.5.2 has been registered
[15:56:11] [Netty epoll Worker #0/INFO] [eaglerxserver]: You are running the latest version of EaglerXServer
[15:56:12] [EaglercraftXServer - Task Executor #0/INFO] [nlogin]: Successful plugin core start (took 1.33s)
[15:56:12] [EaglercraftXServer - Task Executor #0/INFO] [com.velocitypowered.proxy.console.VelocityConsole]:           __             _       
[15:56:12] [EaglercraftXServer - Task Executor #0/INFO] [com.velocitypowered.proxy.console.VelocityConsole]:   _ __   / /  ___   __ _(_)_ __  
[15:56:12] [EaglercraftXServer - Task Executor #0/INFO] [com.velocitypowered.proxy.console.VelocityConsole]:  | '_ \ / /  / _ \ / _` | | '_ \ 
[15:56:12] [EaglercraftXServer - Task Executor #0/INFO] [com.velocitypowered.proxy.console.VelocityConsole]:  | | | / /__| (_) | (_| | | | | |
[15:56:12] [EaglercraftXServer - Task Executor #0/INFO] [com.velocitypowered.proxy.console.VelocityConsole]:  |_| |_\____/\___/ \__, |_|_| |_|
[15:56:12] [EaglercraftXServer - Task Executor #0/INFO] [com.velocitypowered.proxy.console.VelocityConsole]:                   |___/            
[15:56:12] [EaglercraftXServer - Task Executor #0/INFO] [com.velocitypowered.proxy.console.VelocityConsole]:  By: www.nickuc.com - V 10.4.23 DEVELOPMENT
[15:56:12] [EaglercraftXServer - Task Executor #0/INFO] [com.velocitypowered.proxy.console.VelocityConsole]:  
[15:56:14] [main/INFO] [com.velocitypowered.proxy.Velocity]: Done (15.18s)!
[15:56:14] [Netty epoll Boss #0/INFO] [eaglerxserver]: Listener "listener0" injected into channel [id: 0x06ac385a, L:/[0:0:0:0:0:0:0:0]:25567] successfully (Velocity method)
[15:56:14] [Netty epoll Boss #0/INFO] [com.velocitypowered.proxy.network.ConnectionManager]: Listening on /[0:0:0:0:0:0:0:0]:25567
[15:56:19] [nLogin - Task Executor #1/INFO] [com.velocitypowered.proxy.console.VelocityConsole]: 
[15:56:19] [nLogin - Task Executor #1/INFO] [com.velocitypowered.proxy.console.VelocityConsole]:  Thank you so much for choosing nLogin! <3
[15:56:19] [nLogin - Task Executor #1/INFO] [com.velocitypowered.proxy.console.VelocityConsole]: 
[15:56:19] [nLogin - Task Executor #1/INFO] [com.velocitypowered.proxy.console.VelocityConsole]:  For your safety, please read the message below:
[15:56:19] [nLogin - Task Executor #1/INFO] [com.velocitypowered.proxy.console.VelocityConsole]:   Never download nLogin from unknown sources.
[15:56:19] [nLogin - Task Executor #1/INFO] [com.velocitypowered.proxy.console.VelocityConsole]:   A modified version may contain malicious software.
[15:56:19] [nLogin - Task Executor #1/INFO] [com.velocitypowered.proxy.console.VelocityConsole]: 
[15:56:19] [nLogin - Task Executor #1/INFO] [com.velocitypowered.proxy.console.VelocityConsole]:  Trusted sources:
[15:56:19] [nLogin - Task Executor #1/INFO] [com.velocitypowered.proxy.console.VelocityConsole]:   www.nickuc.com
[15:56:19] [nLogin - Task Executor #1/INFO] [com.velocitypowered.proxy.console.VelocityConsole]:   www.github.com/nickuc
[15:56:19] [nLogin - Task Executor #1/INFO] [com.velocitypowered.proxy.console.VelocityConsole]:   OpeNLogin installer (from Spigot or GitHub)
[15:56:19] [nLogin - Task Executor #1/INFO] [com.velocitypowered.proxy.console.VelocityConsole]: 
[15:56:19] [nLogin - Task Executor #1/INFO] [com.velocitypowered.proxy.console.VelocityConsole]:  Official support channels:
[15:56:19] [nLogin - Task Executor #1/INFO] [com.velocitypowered.proxy.console.VelocityConsole]:   Discord group: www.nickuc.com/discord
[15:56:19] [nLogin - Task Executor #1/INFO] [com.velocitypowered.proxy.console.VelocityConsole]:   Documentation: docs.nickuc.com/nlogin/
[15:56:19] [nLogin - Task Executor #1/INFO] [com.velocitypowered.proxy.console.VelocityConsole]:   Email: support@nickuc.com
[15:56:19] [nLogin - Task Executor #1/INFO] [com.velocitypowered.proxy.console.VelocityConsole]:   YouTube: youtube.com/nickuc
[15:56:19] [nLogin - Task Executor #1/INFO] [com.velocitypowered.proxy.console.VelocityConsole]: 
[15:56:19] [nLogin - Task Executor #1/INFO] [com.velocitypowered.proxy.console.VelocityConsole]:  To remove this warning, log in with "nlogin.admin" permission on the server
[15:56:19] [nLogin - Task Executor #1/INFO] [com.velocitypowered.proxy.console.VelocityConsole]:  and click the "Setup plugin" button to configure your plugin.
[15:56:19] [nLogin - Task Executor #1/INFO] [com.velocitypowered.proxy.console.VelocityConsole]: 
[15:56:36] [Netty epoll Worker #2/INFO] [com.velocitypowered.proxy.connection.client.AuthSessionHandler]: [connected player] syncronized (/[0:0:0:0:0:0:0:1]:34512) has connected
[15:56:36] [Netty epoll Worker #2/INFO] [com.velocitypowered.proxy.connection.MinecraftConnection]: [server connection] syncronized -> auth has connected
[15:56:40] [nLogin - Task Executor #1/INFO] [nlogin]: The user syncronized has successfully logged in.
[15:56:41] [Netty epoll Worker #2/INFO] [com.velocitypowered.proxy.connection.MinecraftConnection]: [server connection] syncronized -> survival has connected
[15:57:10] [Netty epoll Worker #2/INFO] [com.velocitypowered.proxy.connection.MinecraftConnection]: [server connection] syncronized -> auth has disconnected
[16:10:08] [Netty epoll Worker #2/INFO] [com.velocitypowered.proxy.connection.MinecraftConnection]: [connected player] syncronized (/[0:0:0:0:0:0:0:1]:34512) has disconnected
[16:10:08] [Netty epoll Worker #2/INFO] [com.velocitypowered.proxy.connection.MinecraftConnection]: [server connection] syncronized -> survival has disconnected
[16:14:39] [Netty epoll Worker #0/INFO] [com.velocitypowered.proxy.connection.client.AuthSessionHandler]: [connected player] syncronized (/[0:0:0:0:0:0:0:1]:58522) has connected
[16:14:39] [Netty epoll Worker #0/INFO] [com.velocitypowered.proxy.connection.MinecraftConnection]: [server connection] syncronized -> auth has connected
[16:14:43] [nLogin - Task Executor #3/INFO] [nlogin]: The user syncronized has successfully logged in.
[16:14:43] [Netty epoll Worker #0/INFO] [com.velocitypowered.proxy.connection.MinecraftConnection]: [server connection] syncronized -> survival has connected
[16:14:43] [Netty epoll Worker #0/INFO] [com.velocitypowered.proxy.connection.MinecraftConnection]: [server connection] syncronized -> auth has disconnected
[16:17:42] [Netty epoll Worker #0/INFO] [com.velocitypowered.proxy.connection.client.ConnectedPlayer]: [connected player] syncronized (/[0:0:0:0:0:0:0:1]:58522) has disconnected: Your connection to survival encountered a problem.
[16:17:42] [Netty epoll Worker #0/ERROR] [com.velocitypowered.proxy.connection.MinecraftConnection]: [server connection] syncronized -> survival: read timed out
[16:17:42] [Netty epoll Worker #0/INFO] [com.velocitypowered.proxy.connection.MinecraftConnection]: [server connection] syncronized -> survival has disconnected
[16:19:43] [Netty epoll Worker #1/INFO] [com.velocitypowered.proxy.connection.client.AuthSessionHandler]: [connected player] syncronized (/[0:0:0:0:0:0:0:1]:34734) has connected
[16:19:43] [Netty epoll Worker #1/INFO] [com.velocitypowered.proxy.connection.MinecraftConnection]: [server connection] syncronized -> auth has connected
[16:19:46] [nLogin - Task Executor #10/INFO] [nlogin]: The user syncronized has successfully logged in.
[16:19:46] [Netty epoll Worker #1/INFO] [com.velocitypowered.proxy.connection.MinecraftConnection]: [server connection] syncronized -> survival has connected
[16:19:51] [Netty epoll Worker #1/INFO] [com.velocitypowered.proxy.connection.MinecraftConnection]: [server connection] syncronized -> auth has disconnected
[16:20:41] [Netty epoll Worker #1/INFO] [com.velocitypowered.proxy.connection.MinecraftConnection]: [connected player] syncronized (/[0:0:0:0:0:0:0:1]:34734) has disconnected
[16:20:41] [Netty epoll Worker #1/INFO] [com.velocitypowered.proxy.connection.MinecraftConnection]: [server connection] syncronized -> survival has disconnected
[17:09:00] [Netty epoll Worker #0/INFO] [com.velocitypowered.proxy.connection.client.AuthSessionHandler]: [connected player] syncronized (/[0:0:0:0:0:0:0:1]:51364) has connected
[17:09:00] [Netty epoll Worker #0/INFO] [com.velocitypowered.proxy.connection.MinecraftConnection]: [server connection] syncronized -> auth has connected
[17:09:04] [nLogin - Task Executor #10/INFO] [nlogin]: The user syncronized has successfully logged in.
[17:09:04] [Netty epoll Worker #0/INFO] [com.velocitypowered.proxy.connection.MinecraftConnection]: [server connection] syncronized -> survival has connected
[17:09:05] [Netty epoll Worker #0/INFO] [com.velocitypowered.proxy.connection.MinecraftConnection]: [server connection] syncronized -> auth has disconnected
[17:50:42] [Netty epoll Worker #0/INFO] [com.velocitypowered.proxy.connection.client.ConnectedPlayer]: [connected player] syncronized (/[0:0:0:0:0:0:0:1]:51364) has disconnected: An internal error occurred in your connection.
[17:50:42] [Netty epoll Worker #0/ERROR] [com.velocitypowered.proxy.connection.MinecraftConnection]: [connected player] syncronized (/[0:0:0:0:0:0:0:1]:51364): read timed out
[17:50:42] [Netty epoll Worker #0/INFO] [com.velocitypowered.proxy.connection.MinecraftConnection]: [server connection] syncronized -> survival has disconnected
